[ 2016-08-31T08:45:45+08:00 ] 127.0.0.1 /bs_system/index.php/Admin/Public/log.html?
INFO: [ app_init ] --START--
INFO: Run Behavior\BuildLiteBehavior [ RunTime:0.000032s ]
INFO: [ app_init ] --END-- [ RunTime:0.001187s ]
INFO: [ app_begin ] --START--
INFO: Run Behavior\ReadHtmlCacheBehavior [ RunTime:0.002465s ]
INFO: [ app_begin ] --END-- [ RunTime:0.002636s ]
INFO: [ view_parse ] --START--
INFO: [ template_filter ] --START--
INFO: Run Behavior\ContentReplaceBehavior [ RunTime:0.000117s ]
INFO: [ template_filter ] --END-- [ RunTime:0.000252s ]
INFO: Run Behavior\ParseTemplateBehavior [ RunTime:0.049819s ]
INFO: [ view_parse ] --END-- [ RunTime:0.049969s ]
INFO: [ view_filter ] --START--
INFO: Run Behavior\WriteHtmlCacheBehavior [ RunTime:0.001279s ]
INFO: [ view_filter ] --END-- [ RunTime:0.001435s ]
INFO: [ app_end ] --START--
INFO: Run Behavior\ShowPageTraceBehavior [ RunTime:0.002280s ]
INFO: [ app_end ] --END-- [ RunTime:0.002417s ]

[ 2016-08-31T08:45:46+08:00 ] 127.0.0.1 /bs_system/index.php/Admin/Public/log.html?
INFO: [ app_init ] --START--
INFO: Run Behavior\BuildLiteBehavior [ RunTime:0.000015s ]
INFO: [ app_init ] --END-- [ RunTime:0.000082s ]
INFO: [ app_begin ] --START--
INFO: Run Behavior\ReadHtmlCacheBehavior [ RunTime:0.000525s ]
INFO: [ app_begin ] --END-- [ RunTime:0.000608s ]
SQL: SHOW COLUMNS FROM db_exam.db_admin [ RunTime:0.099167s ]
SQL: SHOW COLUMNS FROM db_exam.db_bank [ RunTime:0.076137s ]
SQL: SELECT COUNT(*) AS tp_count FROM db_exam.db_bank WHERE `username` = 'admin' AND `password` = '827ccb0eea8a706c4c34a16891f84e7b' AND `status` = 1 LIMIT 1   [ RunTime:0.003901s ]
SQL: SELECT `id` FROM db_exam.db_bank WHERE `username` = 'admin' AND `password` = '827ccb0eea8a706c4c34a16891f84e7b' AND `status` = 1 LIMIT 1   [ RunTime:0.001015s ]
SQL: SELECT COUNT(*) AS tp_count FROM db_exam.db_admin WHERE `username` = 'admin' AND `password` = '827ccb0eea8a706c4c34a16891f84e7b' LIMIT 1   [ RunTime:0.000970s ]

[ 2016-08-31T08:45:46+08:00 ] 127.0.0.1 /bs_system/index.php/Admin/index/branchlist.html
INFO: [ app_init ] --START--
INFO: Run Behavior\BuildLiteBehavior [ RunTime:0.000020s ]
INFO: [ app_init ] --END-- [ RunTime:0.000105s ]
INFO: [ app_begin ] --START--
INFO: Run Behavior\ReadHtmlCacheBehavior [ RunTime:0.000546s ]
INFO: [ app_begin ] --END-- [ RunTime:0.000631s ]
SQL: SHOW COLUMNS FROM db_exam.db_user [ RunTime:0.057676s ]
SQL: SELECT COUNT(*) AS tp_count FROM db_exam.db_user LIMIT 1   [ RunTime:0.000342s ]
SQL: SELECT COUNT(*) AS tp_count FROM db_exam.db_user WHERE `level` = 0 LIMIT 1   [ RunTime:0.000297s ]
SQL: SELECT COUNT(*) AS tp_count FROM db_exam.db_user WHERE `level` = 1 LIMIT 1   [ RunTime:0.000282s ]
SQL: SELECT COUNT(*) AS tp_count FROM db_exam.db_user WHERE `level` = 2 LIMIT 1   [ RunTime:0.000281s ]
SQL: SELECT COUNT(*) AS tp_count FROM db_exam.db_user WHERE `level` = 3 LIMIT 1   [ RunTime:0.000272s ]
INFO: [ view_parse ] --START--
INFO: [ template_filter ] --START--
INFO: Run Behavior\ContentReplaceBehavior [ RunTime:0.000217s ]
INFO: [ template_filter ] --END-- [ RunTime:0.000384s ]
INFO: Run Behavior\ParseTemplateBehavior [ RunTime:0.034796s ]
INFO: [ view_parse ] --END-- [ RunTime:0.034981s ]
INFO: [ view_filter ] --START--
INFO: Run Behavior\WriteHtmlCacheBehavior [ RunTime:0.000577s ]
INFO: [ view_filter ] --END-- [ RunTime:0.000730s ]
INFO: [ app_end ] --START--
INFO: Run Behavior\ShowPageTraceBehavior [ RunTime:0.001151s ]
INFO: [ app_end ] --END-- [ RunTime:0.001293s ]

[ 2016-08-31T08:45:47+08:00 ] 127.0.0.1 /bs_system/index.php/Admin/index/branchlist_fen.html
INFO: [ app_init ] --START--
INFO: Run Behavior\BuildLiteBehavior [ RunTime:0.000016s ]
INFO: [ app_init ] --END-- [ RunTime:0.000090s ]
INFO: [ app_begin ] --START--
INFO: Run Behavior\ReadHtmlCacheBehavior [ RunTime:0.000820s ]
INFO: [ app_begin ] --END-- [ RunTime:0.000925s ]
SQL: SHOW COLUMNS FROM db_exam.db_bank [ RunTime:0.005775s ]
SQL: SELECT COUNT(*) AS tp_count FROM db_exam.db_bank LIMIT 1   [ RunTime:0.000682s ]
SQL: SELECT * FROM db_exam.db_bank LIMIT 0,10   [ RunTime:0.001941s ]
SQL: SHOW COLUMNS FROM db_exam.db_user [ RunTime:0.006138s ]
SQL: SELECT COUNT(*) AS tp_count FROM db_exam.db_user WHERE `b_id` = '1' LIMIT 1   [ RunTime:0.000668s ]
SQL: SELECT COUNT(*) AS tp_count FROM db_exam.db_user WHERE `b_id` = '1' AND `level` = 0 LIMIT 1   [ RunTime:0.000415s ]
SQL: SELECT COUNT(*) AS tp_count FROM db_exam.db_user WHERE `b_id` = '1' AND `level` = 1 LIMIT 1   [ RunTime:0.000753s ]
SQL: SELECT COUNT(*) AS tp_count FROM db_exam.db_user WHERE `b_id` = '1' AND `level` = 2 LIMIT 1   [ RunTime:0.000646s ]
SQL: SELECT COUNT(*) AS tp_count FROM db_exam.db_user WHERE `b_id` = '1' AND `level` = 3 LIMIT 1   [ RunTime:0.000763s ]
SQL: SELECT COUNT(*) AS tp_count FROM db_exam.db_user WHERE `b_id` = '2' AND `level` = 3 LIMIT 1   [ RunTime:0.000766s ]
SQL: SELECT COUNT(*) AS tp_count FROM db_exam.db_user WHERE `b_id` = '2' AND `level` = 0 LIMIT 1   [ RunTime:0.000796s ]
SQL: SELECT COUNT(*) AS tp_count FROM db_exam.db_user WHERE `b_id` = '2' AND `level` = 1 LIMIT 1   [ RunTime:0.000668s ]
SQL: SELECT COUNT(*) AS tp_count FROM db_exam.db_user WHERE `b_id` = '2' AND `level` = 2 LIMIT 1   [ RunTime:0.000572s ]
SQL: SELECT COUNT(*) AS tp_count FROM db_exam.db_user WHERE `b_id` = '2' AND `level` = 3 LIMIT 1   [ RunTime:0.000504s ]
SQL: SELECT COUNT(*) AS tp_count FROM db_exam.db_user WHERE `b_id` = '3' AND `level` = 3 LIMIT 1   [ RunTime:0.000629s ]
SQL: SELECT COUNT(*) AS tp_count FROM db_exam.db_user WHERE `b_id` = '3' AND `level` = 0 LIMIT 1   [ RunTime:0.000448s ]
SQL: SELECT COUNT(*) AS tp_count FROM db_exam.db_user WHERE `b_id` = '3' AND `level` = 1 LIMIT 1   [ RunTime:0.000402s ]
SQL: SELECT COUNT(*) AS tp_count FROM db_exam.db_user WHERE `b_id` = '3' AND `level` = 2 LIMIT 1   [ RunTime:0.000381s ]
SQL: SELECT COUNT(*) AS tp_count FROM db_exam.db_user WHERE `b_id` = '3' AND `level` = 3 LIMIT 1   [ RunTime:0.000366s ]
SQL: SELECT COUNT(*) AS tp_count FROM db_exam.db_user WHERE `b_id` = '4' AND `level` = 3 LIMIT 1   [ RunTime:0.000455s ]
SQL: SELECT COUNT(*) AS tp_count FROM db_exam.db_user WHERE `b_id` = '4' AND `level` = 0 LIMIT 1   [ RunTime:0.000371s ]
SQL: SELECT COUNT(*) AS tp_count FROM db_exam.db_user WHERE `b_id` = '4' AND `level` = 1 LIMIT 1   [ RunTime:0.000370s ]
SQL: SELECT COUNT(*) AS tp_count FROM db_exam.db_user WHERE `b_id` = '4' AND `level` = 2 LIMIT 1   [ RunTime:0.000726s ]
SQL: SELECT COUNT(*) AS tp_count FROM db_exam.db_user WHERE `b_id` = '4' AND `level` = 3 LIMIT 1   [ RunTime:0.000612s ]
SQL: SELECT COUNT(*) AS tp_count FROM db_exam.db_user WHERE `b_id` = '5' AND `level` = 3 LIMIT 1   [ RunTime:0.000606s ]
SQL: SELECT COUNT(*) AS tp_count FROM db_exam.db_user WHERE `b_id` = '5' AND `level` = 0 LIMIT 1   [ RunTime:0.000715s ]
SQL: SELECT COUNT(*) AS tp_count FROM db_exam.db_user WHERE `b_id` = '5' AND `level` = 1 LIMIT 1   [ RunTime:0.000531s ]
SQL: SELECT COUNT(*) AS tp_count FROM db_exam.db_user WHERE `b_id` = '5' AND `level` = 2 LIMIT 1   [ RunTime:0.000385s ]
SQL: SELECT COUNT(*) AS tp_count FROM db_exam.db_user WHERE `b_id` = '5' AND `level` = 3 LIMIT 1   [ RunTime:0.000370s ]
SQL: SELECT COUNT(*) AS tp_count FROM db_exam.db_user WHERE `b_id` = '6' AND `level` = 3 LIMIT 1   [ RunTime:0.000373s ]
SQL: SELECT COUNT(*) AS tp_count FROM db_exam.db_user WHERE `b_id` = '6' AND `level` = 0 LIMIT 1   [ RunTime:0.000365s ]
SQL: SELECT COUNT(*) AS tp_count FROM db_exam.db_user WHERE `b_id` = '6' AND `level` = 1 LIMIT 1   [ RunTime:0.000368s ]
SQL: SELECT COUNT(*) AS tp_count FROM db_exam.db_user WHERE `b_id` = '6' AND `level` = 2 LIMIT 1   [ RunTime:0.000363s ]
SQL: SELECT COUNT(*) AS tp_count FROM db_exam.db_user WHERE `b_id` = '6' AND `level` = 3 LIMIT 1   [ RunTime:0.000360s ]
SQL: SELECT COUNT(*) AS tp_count FROM db_exam.db_user WHERE `b_id` = '7' AND `level` = 3 LIMIT 1   [ RunTime:0.000366s ]
SQL: SELECT COUNT(*) AS tp_count FROM db_exam.db_user WHERE `b_id` = '7' AND `level` = 0 LIMIT 1   [ RunTime:0.000358s ]
SQL: SELECT COUNT(*) AS tp_count FROM db_exam.db_user WHERE `b_id` = '7' AND `level` = 1 LIMIT 1   [ RunTime:0.000366s ]
SQL: SELECT COUNT(*) AS tp_count FROM db_exam.db_user WHERE `b_id` = '7' AND `level` = 2 LIMIT 1   [ RunTime:0.000357s ]
SQL: SELECT COUNT(*) AS tp_count FROM db_exam.db_user WHERE `b_id` = '7' AND `level` = 3 LIMIT 1   [ RunTime:0.000357s ]
SQL: SELECT COUNT(*) AS tp_count FROM db_exam.db_user WHERE `b_id` = '8' AND `level` = 3 LIMIT 1   [ RunTime:0.000363s ]
SQL: SELECT COUNT(*) AS tp_count FROM db_exam.db_user WHERE `b_id` = '8' AND `level` = 0 LIMIT 1   [ RunTime:0.000359s ]
SQL: SELECT COUNT(*) AS tp_count FROM db_exam.db_user WHERE `b_id` = '8' AND `level` = 1 LIMIT 1   [ RunTime:0.000374s ]
SQL: SELECT COUNT(*) AS tp_count FROM db_exam.db_user WHERE `b_id` = '8' AND `level` = 2 LIMIT 1   [ RunTime:0.000534s ]
SQL: SELECT COUNT(*) AS tp_count FROM db_exam.db_user WHERE `b_id` = '8' AND `level` = 3 LIMIT 1   [ RunTime:0.000493s ]
SQL: SELECT COUNT(*) AS tp_count FROM db_exam.db_user WHERE `b_id` = '9' AND `level` = 3 LIMIT 1   [ RunTime:0.000381s ]
SQL: SELECT COUNT(*) AS tp_count FROM db_exam.db_user WHERE `b_id` = '9' AND `level` = 0 LIMIT 1   [ RunTime:0.000367s ]
SQL: SELECT COUNT(*) AS tp_count FROM db_exam.db_user WHERE `b_id` = '9' AND `level` = 1 LIMIT 1   [ RunTime:0.000367s ]
SQL: SELECT COUNT(*) AS tp_count FROM db_exam.db_user WHERE `b_id` = '9' AND `level` = 2 LIMIT 1   [ RunTime:0.000362s ]
SQL: SELECT COUNT(*) AS tp_count FROM db_exam.db_user WHERE `b_id` = '9' AND `level` = 3 LIMIT 1   [ RunTime:0.000362s ]

[ 2016-08-31T08:45:49+08:00 ] 127.0.0.1 /bs_system/index.php/Admin/index/studylist.html
INFO: [ app_init ] --START--
INFO: Run Behavior\BuildLiteBehavior [ RunTime:0.000027s ]
INFO: [ app_init ] --END-- [ RunTime:0.000125s ]
INFO: [ app_begin ] --START--
INFO: Run Behavior\ReadHtmlCacheBehavior [ RunTime:0.000709s ]
INFO: [ app_begin ] --END-- [ RunTime:0.000829s ]
INFO: [ view_parse ] --START--
INFO: [ template_filter ] --START--
INFO: Run Behavior\ContentReplaceBehavior [ RunTime:0.000415s ]
INFO: [ template_filter ] --END-- [ RunTime:0.000512s ]
INFO: Run Behavior\ParseTemplateBehavior [ RunTime:0.107297s ]
INFO: [ view_parse ] --END-- [ RunTime:0.107423s ]
INFO: [ view_filter ] --START--
INFO: Run Behavior\WriteHtmlCacheBehavior [ RunTime:0.000499s ]
INFO: [ view_filter ] --END-- [ RunTime:0.000568s ]
INFO: [ app_end ] --START--
INFO: Run Behavior\ShowPageTraceBehavior [ RunTime:0.000789s ]
INFO: [ app_end ] --END-- [ RunTime:0.000861s ]

[ 2016-08-31T08:45:49+08:00 ] 127.0.0.1 /bs_system/index.php/Admin/Index/select_content.html
INFO: [ app_init ] --START--
INFO: Run Behavior\BuildLiteBehavior [ RunTime:0.000017s ]
INFO: [ app_init ] --END-- [ RunTime:0.000086s ]
INFO: [ app_begin ] --START--
INFO: Run Behavior\ReadHtmlCacheBehavior [ RunTime:0.000534s ]
INFO: [ app_begin ] --END-- [ RunTime:0.000629s ]
SQL: SHOW COLUMNS FROM db_exam.db_study [ RunTime:0.126501s ]
SQL: SELECT * FROM db_exam.db_study WHERE `z_id` = '1.1.1' LIMIT 1   [ RunTime:0.001161s ]

[ 2016-08-31T08:46:07+08:00 ] 127.0.0.1 /bs_system/index.php/Admin/Index/select_content.html
INFO: [ app_init ] --START--
INFO: Run Behavior\BuildLiteBehavior [ RunTime:0.000016s ]
INFO: [ app_init ] --END-- [ RunTime:0.000086s ]
INFO: [ app_begin ] --START--
INFO: Run Behavior\ReadHtmlCacheBehavior [ RunTime:0.000576s ]
INFO: [ app_begin ] --END-- [ RunTime:0.000676s ]
SQL: SHOW COLUMNS FROM db_exam.db_study [ RunTime:0.006687s ]
SQL: SELECT * FROM db_exam.db_study WHERE `z_id` = '2.2.1' LIMIT 1   [ RunTime:0.000992s ]

[ 2016-08-31T08:46:08+08:00 ] 127.0.0.1 /bs_system/index.php/Admin/Index/select_content.html
INFO: [ app_init ] --START--
INFO: Run Behavior\BuildLiteBehavior [ RunTime:0.000017s ]
INFO: [ app_init ] --END-- [ RunTime:0.000089s ]
INFO: [ app_begin ] --START--
INFO: Run Behavior\ReadHtmlCacheBehavior [ RunTime:0.000535s ]
INFO: [ app_begin ] --END-- [ RunTime:0.000615s ]
SQL: SHOW COLUMNS FROM db_exam.db_study [ RunTime:0.006497s ]
SQL: SELECT * FROM db_exam.db_study WHERE `z_id` = '2.2.1.1' LIMIT 1   [ RunTime:0.000621s ]

[ 2016-08-31T08:46:08+08:00 ] 127.0.0.1 /bs_system/index.php/Admin/Index/select_content.html
INFO: [ app_init ] --START--
INFO: Run Behavior\BuildLiteBehavior [ RunTime:0.000015s ]
INFO: [ app_init ] --END-- [ RunTime:0.000085s ]
INFO: [ app_begin ] --START--
INFO: Run Behavior\ReadHtmlCacheBehavior [ RunTime:0.000445s ]
INFO: [ app_begin ] --END-- [ RunTime:0.000510s ]
SQL: SHOW COLUMNS FROM db_exam.db_study [ RunTime:0.006026s ]
SQL: SELECT * FROM db_exam.db_study WHERE `z_id` = '2.2.1.3' LIMIT 1   [ RunTime:0.000588s ]

[ 2016-08-31T08:46:09+08:00 ] 127.0.0.1 /bs_system/index.php/Admin/Index/select_content.html
INFO: [ app_init ] --START--
INFO: Run Behavior\BuildLiteBehavior [ RunTime:0.000026s ]
INFO: [ app_init ] --END-- [ RunTime:0.000146s ]
INFO: [ app_begin ] --START--
INFO: Run Behavior\ReadHtmlCacheBehavior [ RunTime:0.000809s ]
INFO: [ app_begin ] --END-- [ RunTime:0.000936s ]
SQL: SHOW COLUMNS FROM db_exam.db_study [ RunTime:0.006668s ]
SQL: SELECT * FROM db_exam.db_study WHERE `z_id` = '2.2.1.2' LIMIT 1   [ RunTime:0.000542s ]

[ 2016-08-31T08:46:09+08:00 ] 127.0.0.1 /bs_system/index.php/Admin/Index/select_content.html
INFO: [ app_init ] --START--
INFO: Run Behavior\BuildLiteBehavior [ RunTime:0.000021s ]
INFO: [ app_init ] --END-- [ RunTime:0.000112s ]
INFO: [ app_begin ] --START--
INFO: Run Behavior\ReadHtmlCacheBehavior [ RunTime:0.000993s ]
INFO: [ app_begin ] --END-- [ RunTime:0.001204s ]
SQL: SHOW COLUMNS FROM db_exam.db_study [ RunTime:0.006714s ]
SQL: SELECT * FROM db_exam.db_study WHERE `z_id` = '2.2.2.1' LIMIT 1   [ RunTime:0.000517s ]

[ 2016-08-31T08:46:10+08:00 ] 127.0.0.1 /bs_system/index.php/Admin/Index/select_content.html
INFO: [ app_init ] --START--
INFO: Run Behavior\BuildLiteBehavior [ RunTime:0.000026s ]
INFO: [ app_init ] --END-- [ RunTime:0.000128s ]
INFO: [ app_begin ] --START--
INFO: Run Behavior\ReadHtmlCacheBehavior [ RunTime:0.000635s ]
INFO: [ app_begin ] --END-- [ RunTime:0.000728s ]
SQL: SHOW COLUMNS FROM db_exam.db_study [ RunTime:0.007387s ]
SQL: SELECT * FROM db_exam.db_study WHERE `z_id` = '2.2.2.2' LIMIT 1   [ RunTime:0.000574s ]

[ 2016-08-31T08:46:10+08:00 ] 127.0.0.1 /bs_system/index.php/Admin/Index/select_content.html
INFO: [ app_init ] --START--
INFO: Run Behavior\BuildLiteBehavior [ RunTime:0.000016s ]
INFO: [ app_init ] --END-- [ RunTime:0.000090s ]
INFO: [ app_begin ] --START--
INFO: Run Behavior\ReadHtmlCacheBehavior [ RunTime:0.000563s ]
INFO: [ app_begin ] --END-- [ RunTime:0.000652s ]
SQL: SHOW COLUMNS FROM db_exam.db_study [ RunTime:0.007048s ]
SQL: SELECT * FROM db_exam.db_study WHERE `z_id` = '2.2.2' LIMIT 1   [ RunTime:0.000703s ]

[ 2016-08-31T08:46:14+08:00 ] 127.0.0.1 /bs_system/index.php/Admin/Index/select_content.html
INFO: [ app_init ] --START--
INFO: Run Behavior\BuildLiteBehavior [ RunTime:0.000021s ]
INFO: [ app_init ] --END-- [ RunTime:0.000112s ]
INFO: [ app_begin ] --START--
INFO: Run Behavior\ReadHtmlCacheBehavior [ RunTime:0.000770s ]
INFO: [ app_begin ] --END-- [ RunTime:0.000911s ]
SQL: SHOW COLUMNS FROM db_exam.db_study [ RunTime:0.007264s ]
SQL: SELECT * FROM db_exam.db_study WHERE `z_id` = '1.1.1' LIMIT 1   [ RunTime:0.000497s ]

[ 2016-08-31T08:46:14+08:00 ] 127.0.0.1 /bs_system/index.php/Admin/Index/select_content.html
INFO: [ app_init ] --START--
INFO: Run Behavior\BuildLiteBehavior [ RunTime:0.000023s ]
INFO: [ app_init ] --END-- [ RunTime:0.000125s ]
INFO: [ app_begin ] --START--
INFO: Run Behavior\ReadHtmlCacheBehavior [ RunTime:0.000730s ]
INFO: [ app_begin ] --END-- [ RunTime:0.000837s ]
SQL: SHOW COLUMNS FROM db_exam.db_study [ RunTime:0.006379s ]
SQL: SELECT * FROM db_exam.db_study WHERE `z_id` = '1.1.2' LIMIT 1   [ RunTime:0.000402s ]

[ 2016-08-31T08:46:15+08:00 ] 127.0.0.1 /bs_system/index.php/Admin/Index/select_content.html
INFO: [ app_init ] --START--
INFO: Run Behavior\BuildLiteBehavior [ RunTime:0.000030s ]
INFO: [ app_init ] --END-- [ RunTime:0.000170s ]
INFO: [ app_begin ] --START--
INFO: Run Behavior\ReadHtmlCacheBehavior [ RunTime:0.000439s ]
INFO: [ app_begin ] --END-- [ RunTime:0.000507s ]
SQL: SHOW COLUMNS FROM db_exam.db_study [ RunTime:0.005935s ]
SQL: SELECT * FROM db_exam.db_study WHERE `z_id` = '1.1.2.1' LIMIT 1   [ RunTime:0.000613s ]

[ 2016-08-31T08:46:15+08:00 ] 127.0.0.1 /bs_system/index.php/Admin/Index/select_content.html
INFO: [ app_init ] --START--
INFO: Run Behavior\BuildLiteBehavior [ RunTime:0.000035s ]
INFO: [ app_init ] --END-- [ RunTime:0.000201s ]
INFO: [ app_begin ] --START--
INFO: Run Behavior\ReadHtmlCacheBehavior [ RunTime:0.001023s ]
INFO: [ app_begin ] --END-- [ RunTime:0.001149s ]
SQL: SHOW COLUMNS FROM db_exam.db_study [ RunTime:0.006727s ]
SQL: SELECT * FROM db_exam.db_study WHERE `z_id` = '1.1.2.2' LIMIT 1   [ RunTime:0.000741s ]

[ 2016-08-31T08:46:16+08:00 ] 127.0.0.1 /bs_system/index.php/Admin/Index/select_content.html
INFO: [ app_init ] --START--
INFO: Run Behavior\BuildLiteBehavior [ RunTime:0.000015s ]
INFO: [ app_init ] --END-- [ RunTime:0.000077s ]
INFO: [ app_begin ] --START--
INFO: Run Behavior\ReadHtmlCacheBehavior [ RunTime:0.000457s ]
INFO: [ app_begin ] --END-- [ RunTime:0.000529s ]
SQL: SHOW COLUMNS FROM db_exam.db_study [ RunTime:0.006061s ]
SQL: SELECT * FROM db_exam.db_study WHERE `z_id` = '1.1.2' LIMIT 1   [ RunTime:0.000435s ]

[ 2016-08-31T08:46:17+08:00 ] 127.0.0.1 /bs_system/index.php/Admin/Index/select_content.html
INFO: [ app_init ] --START--
INFO: Run Behavior\BuildLiteBehavior [ RunTime:0.000022s ]
INFO: [ app_init ] --END-- [ RunTime:0.000119s ]
INFO: [ app_begin ] --START--
INFO: Run Behavior\ReadHtmlCacheBehavior [ RunTime:0.000678s ]
INFO: [ app_begin ] --END-- [ RunTime:0.000790s ]
SQL: SHOW COLUMNS FROM db_exam.db_study [ RunTime:0.005952s ]
SQL: SELECT * FROM db_exam.db_study WHERE `z_id` = '1.1.1' LIMIT 1   [ RunTime:0.000954s ]

[ 2016-08-31T08:46:18+08:00 ] 127.0.0.1 /bs_system/index.php/Admin/index/examlist.html
INFO: [ app_init ] --START--
INFO: Run Behavior\BuildLiteBehavior [ RunTime:0.000017s ]
INFO: [ app_init ] --END-- [ RunTime:0.000093s ]
INFO: [ app_begin ] --START--
INFO: Run Behavior\ReadHtmlCacheBehavior [ RunTime:0.000555s ]
INFO: [ app_begin ] --END-- [ RunTime:0.000642s ]
INFO: [ view_parse ] --START--
INFO: [ template_filter ] --START--
INFO: Run Behavior\ContentReplaceBehavior [ RunTime:0.000182s ]
INFO: [ template_filter ] --END-- [ RunTime:0.000275s ]
INFO: Run Behavior\ParseTemplateBehavior [ RunTime:0.085409s ]
INFO: [ view_parse ] --END-- [ RunTime:0.085512s ]
INFO: [ view_filter ] --START--
INFO: Run Behavior\WriteHtmlCacheBehavior [ RunTime:0.000331s ]
INFO: [ view_filter ] --END-- [ RunTime:0.000392s ]
INFO: [ app_end ] --START--
INFO: Run Behavior\ShowPageTraceBehavior [ RunTime:0.000683s ]
INFO: [ app_end ] --END-- [ RunTime:0.000772s ]

[ 2016-08-31T08:46:18+08:00 ] 127.0.0.1 /bs_system/index.php/Admin/Index/set_ques_list.html
INFO: [ app_init ] --START--
INFO: Run Behavior\BuildLiteBehavior [ RunTime:0.000021s ]
INFO: [ app_init ] --END-- [ RunTime:0.000106s ]
INFO: [ app_begin ] --START--
INFO: Run Behavior\ReadHtmlCacheBehavior [ RunTime:0.000789s ]
INFO: [ app_begin ] --END-- [ RunTime:0.000961s ]
SQL: SHOW COLUMNS FROM db_exam.db_topic_info [ RunTime:0.038141s ]
SQL: SELECT * FROM db_exam.db_topic_info WHERE `t_id` = '1' LIMIT 1   [ RunTime:0.000890s ]
SQL: SHOW COLUMNS FROM db_exam.db_topic_ques [ RunTime:0.037422s ]
SQL: SELECT COUNT(*) AS tp_count FROM db_exam.db_topic_ques WHERE `t_id` = '1' AND `type` = 1 LIMIT 1   [ RunTime:0.000782s ]
SQL: SELECT COUNT(*) AS tp_count FROM db_exam.db_topic_ques WHERE `t_id` = '1' AND `type` = 3 LIMIT 1   [ RunTime:0.000473s ]
SQL: SELECT COUNT(*) AS tp_count FROM db_exam.db_topic_ques WHERE `t_id` = '1' AND `type` = 2 LIMIT 1   [ RunTime:0.000453s ]
SQL: SELECT `id`,`type`,`title` FROM db_exam.db_topic_ques WHERE `t_id` = '1'  [ RunTime:0.000607s ]

[ 2016-08-31T08:46:26+08:00 ] 127.0.0.1 /bs_system/index.php/Admin/index/branchlist.html
INFO: [ app_init ] --START--
INFO: Run Behavior\BuildLiteBehavior [ RunTime:0.000030s ]
INFO: [ app_init ] --END-- [ RunTime:0.000169s ]
INFO: [ app_begin ] --START--
INFO: Run Behavior\ReadHtmlCacheBehavior [ RunTime:0.000780s ]
INFO: [ app_begin ] --END-- [ RunTime:0.000905s ]
SQL: SHOW COLUMNS FROM db_exam.db_user [ RunTime:0.005977s ]
SQL: SELECT COUNT(*) AS tp_count FROM db_exam.db_user LIMIT 1   [ RunTime:0.000677s ]
SQL: SELECT COUNT(*) AS tp_count FROM db_exam.db_user WHERE `level` = 0 LIMIT 1   [ RunTime:0.000483s ]
SQL: SELECT COUNT(*) AS tp_count FROM db_exam.db_user WHERE `level` = 1 LIMIT 1   [ RunTime:0.000549s ]
SQL: SELECT COUNT(*) AS tp_count FROM db_exam.db_user WHERE `level` = 2 LIMIT 1   [ RunTime:0.000700s ]
SQL: SELECT COUNT(*) AS tp_count FROM db_exam.db_user WHERE `level` = 3 LIMIT 1   [ RunTime:0.000663s ]
INFO: [ view_parse ] --START--
INFO: [ template_filter ] --START--
INFO: Run Behavior\ContentReplaceBehavior [ RunTime:0.000092s ]
INFO: [ template_filter ] --END-- [ RunTime:0.000166s ]
INFO: Run Behavior\ParseTemplateBehavior [ RunTime:0.007479s ]
INFO: [ view_parse ] --END-- [ RunTime:0.007556s ]
INFO: [ view_filter ] --START--
INFO: Run Behavior\WriteHtmlCacheBehavior [ RunTime:0.000239s ]
INFO: [ view_filter ] --END-- [ RunTime:0.000291s ]
INFO: [ app_end ] --START--
INFO: Run Behavior\ShowPageTraceBehavior [ RunTime:0.000496s ]
INFO: [ app_end ] --END-- [ RunTime:0.000551s ]

[ 2016-08-31T08:46:26+08:00 ] 127.0.0.1 /bs_system/index.php/Admin/index/branchlist_fen.html
INFO: [ app_init ] --START--
INFO: Run Behavior\BuildLiteBehavior [ RunTime:0.000017s ]
INFO: [ app_init ] --END-- [ RunTime:0.000109s ]
INFO: [ app_begin ] --START--
INFO: Run Behavior\ReadHtmlCacheBehavior [ RunTime:0.000710s ]
INFO: [ app_begin ] --END-- [ RunTime:0.000818s ]
SQL: SHOW COLUMNS FROM db_exam.db_bank [ RunTime:0.007840s ]
SQL: SELECT COUNT(*) AS tp_count FROM db_exam.db_bank LIMIT 1   [ RunTime:0.000562s ]
SQL: SELECT * FROM db_exam.db_bank LIMIT 0,10   [ RunTime:0.000599s ]
SQL: SHOW COLUMNS FROM db_exam.db_user [ RunTime:0.007096s ]
SQL: SELECT COUNT(*) AS tp_count FROM db_exam.db_user WHERE `b_id` = '1' LIMIT 1   [ RunTime:0.000652s ]
SQL: SELECT COUNT(*) AS tp_count FROM db_exam.db_user WHERE `b_id` = '1' AND `level` = 0 LIMIT 1   [ RunTime:0.000677s ]
SQL: SELECT COUNT(*) AS tp_count FROM db_exam.db_user WHERE `b_id` = '1' AND `level` = 1 LIMIT 1   [ RunTime:0.000396s ]
SQL: SELECT COUNT(*) AS tp_count FROM db_exam.db_user WHERE `b_id` = '1' AND `level` = 2 LIMIT 1   [ RunTime:0.000641s ]
SQL: SELECT COUNT(*) AS tp_count FROM db_exam.db_user WHERE `b_id` = '1' AND `level` = 3 LIMIT 1   [ RunTime:0.000578s ]
SQL: SELECT COUNT(*) AS tp_count FROM db_exam.db_user WHERE `b_id` = '2' AND `level` = 3 LIMIT 1   [ RunTime:0.000508s ]
SQL: SELECT COUNT(*) AS tp_count FROM db_exam.db_user WHERE `b_id` = '2' AND `level` = 0 LIMIT 1   [ RunTime:0.000776s ]
SQL: SELECT COUNT(*) AS tp_count FROM db_exam.db_user WHERE `b_id` = '2' AND `level` = 1 LIMIT 1   [ RunTime:0.000581s ]
SQL: SELECT COUNT(*) AS tp_count FROM db_exam.db_user WHERE `b_id` = '2' AND `level` = 2 LIMIT 1   [ RunTime:0.000422s ]
SQL: SELECT COUNT(*) AS tp_count FROM db_exam.db_user WHERE `b_id` = '2' AND `level` = 3 LIMIT 1   [ RunTime:0.000462s ]
SQL: SELECT COUNT(*) AS tp_count FROM db_exam.db_user WHERE `b_id` = '3' AND `level` = 3 LIMIT 1   [ RunTime:0.000407s ]
SQL: SELECT COUNT(*) AS tp_count FROM db_exam.db_user WHERE `b_id` = '3' AND `level` = 0 LIMIT 1   [ RunTime:0.000482s ]
SQL: SELECT COUNT(*) AS tp_count FROM db_exam.db_user WHERE `b_id` = '3' AND `level` = 1 LIMIT 1   [ RunTime:0.000301s ]
SQL: SELECT COUNT(*) AS tp_count FROM db_exam.db_user WHERE `b_id` = '3' AND `level` = 2 LIMIT 1   [ RunTime:0.000487s ]
SQL: SELECT COUNT(*) AS tp_count FROM db_exam.db_user WHERE `b_id` = '3' AND `level` = 3 LIMIT 1   [ RunTime:0.000350s ]
SQL: SELECT COUNT(*) AS tp_count FROM db_exam.db_user WHERE `b_id` = '4' AND `level` = 3 LIMIT 1   [ RunTime:0.000487s ]
SQL: SELECT COUNT(*) AS tp_count FROM db_exam.db_user WHERE `b_id` = '4' AND `level` = 0 LIMIT 1   [ RunTime:0.000706s ]
SQL: SELECT COUNT(*) AS tp_count FROM db_exam.db_user WHERE `b_id` = '4' AND `level` = 1 LIMIT 1   [ RunTime:0.000560s ]
SQL: SELECT COUNT(*) AS tp_count FROM db_exam.db_user WHERE `b_id` = '4' AND `level` = 2 LIMIT 1   [ RunTime:0.000704s ]
SQL: SELECT COUNT(*) AS tp_count FROM db_exam.db_user WHERE `b_id` = '4' AND `level` = 3 LIMIT 1   [ RunTime:0.000575s ]
SQL: SELECT COUNT(*) AS tp_count FROM db_exam.db_user WHERE `b_id` = '5' AND `level` = 3 LIMIT 1   [ RunTime:0.000684s ]
SQL: SELECT COUNT(*) AS tp_count FROM db_exam.db_user WHERE `b_id` = '5' AND `level` = 0 LIMIT 1   [ RunTime:0.000634s ]
SQL: SELECT COUNT(*) AS tp_count FROM db_exam.db_user WHERE `b_id` = '5' AND `level` = 1 LIMIT 1   [ RunTime:0.000559s ]
SQL: SELECT COUNT(*) AS tp_count FROM db_exam.db_user WHERE `b_id` = '5' AND `level` = 2 LIMIT 1   [ RunTime:0.000422s ]
SQL: SELECT COUNT(*) AS tp_count FROM db_exam.db_user WHERE `b_id` = '5' AND `level` = 3 LIMIT 1   [ RunTime:0.000392s ]
SQL: SELECT COUNT(*) AS tp_count FROM db_exam.db_user WHERE `b_id` = '6' AND `level` = 3 LIMIT 1   [ RunTime:0.000728s ]
SQL: SELECT COUNT(*) AS tp_count FROM db_exam.db_user WHERE `b_id` = '6' AND `level` = 0 LIMIT 1   [ RunTime:0.000433s ]
SQL: SELECT COUNT(*) AS tp_count FROM db_exam.db_user WHERE `b_id` = '6' AND `level` = 1 LIMIT 1   [ RunTime:0.000690s ]
SQL: SELECT COUNT(*) AS tp_count FROM db_exam.db_user WHERE `b_id` = '6' AND `level` = 2 LIMIT 1   [ RunTime:0.000604s ]
SQL: SELECT COUNT(*) AS tp_count FROM db_exam.db_user WHERE `b_id` = '6' AND `level` = 3 LIMIT 1   [ RunTime:0.000436s ]
SQL: SELECT COUNT(*) AS tp_count FROM db_exam.db_user WHERE `b_id` = '7' AND `level` = 3 LIMIT 1   [ RunTime:0.000420s ]
SQL: SELECT COUNT(*) AS tp_count FROM db_exam.db_user WHERE `b_id` = '7' AND `level` = 0 LIMIT 1   [ RunTime:0.000379s ]
SQL: SELECT COUNT(*) AS tp_count FROM db_exam.db_user WHERE `b_id` = '7' AND `level` = 1 LIMIT 1   [ RunTime:0.000539s ]
SQL: SELECT COUNT(*) AS tp_count FROM db_exam.db_user WHERE `b_id` = '7' AND `level` = 2 LIMIT 1   [ RunTime:0.000538s ]
SQL: SELECT COUNT(*) AS tp_count FROM db_exam.db_user WHERE `b_id` = '7' AND `level` = 3 LIMIT 1   [ RunTime:0.000342s ]
SQL: SELECT COUNT(*) AS tp_count FROM db_exam.db_user WHERE `b_id` = '8' AND `level` = 3 LIMIT 1   [ RunTime:0.000378s ]
SQL: SELECT COUNT(*) AS tp_count FROM db_exam.db_user WHERE `b_id` = '8' AND `level` = 0 LIMIT 1   [ RunTime:0.000469s ]
SQL: SELECT COUNT(*) AS tp_count FROM db_exam.db_user WHERE `b_id` = '8' AND `level` = 1 LIMIT 1   [ RunTime:0.000676s ]
SQL: SELECT COUNT(*) AS tp_count FROM db_exam.db_user WHERE `b_id` = '8' AND `level` = 2 LIMIT 1   [ RunTime:0.000509s ]
SQL: SELECT COUNT(*) AS tp_count FROM db_exam.db_user WHERE `b_id` = '8' AND `level` = 3 LIMIT 1   [ RunTime:0.000391s ]
SQL: SELECT COUNT(*) AS tp_count FROM db_exam.db_user WHERE `b_id` = '9' AND `level` = 3 LIMIT 1   [ RunTime:0.000324s ]
SQL: SELECT COUNT(*) AS tp_count FROM db_exam.db_user WHERE `b_id` = '9' AND `level` = 0 LIMIT 1   [ RunTime:0.000400s ]
SQL: SELECT COUNT(*) AS tp_count FROM db_exam.db_user WHERE `b_id` = '9' AND `level` = 1 LIMIT 1   [ RunTime:0.000499s ]
SQL: SELECT COUNT(*) AS tp_count FROM db_exam.db_user WHERE `b_id` = '9' AND `level` = 2 LIMIT 1   [ RunTime:0.000562s ]
SQL: SELECT COUNT(*) AS tp_count FROM db_exam.db_user WHERE `b_id` = '9' AND `level` = 3 LIMIT 1   [ RunTime:0.000407s ]

[ 2016-08-31T08:46:28+08:00 ] 127.0.0.1 /bs_system/index.php/Admin/Index/export_all_user.html
INFO: [ app_init ] --START--
INFO: Run Behavior\BuildLiteBehavior [ RunTime:0.000018s ]
INFO: [ app_init ] --END-- [ RunTime:0.000097s ]
INFO: [ app_begin ] --START--
INFO: Run Behavior\ReadHtmlCacheBehavior [ RunTime:0.000606s ]
INFO: [ app_begin ] --END-- [ RunTime:0.000708s ]
SQL: SHOW COLUMNS FROM db_exam.db_user a [ RunTime:0.000354s ]
ERR: 1064:You have an error in your SQL syntax; check the manual that corresponds to your MySQL server version for the right syntax to use near 'a' at line 1
 [ SQL语句 ] : SHOW COLUMNS FROM db_exam.db_user a
SQL: SELECT a.id,a.name as username,a.position,a.sex,a.level,b.name as bank_name,b.me_name FROM db_exam.db_user a LEFT JOIN db_exam.db_bank b on a.b_id = b.id   [ RunTime:0.000872s ]
INFO: [ app_end ] --START--
INFO: Run Behavior\ShowPageTraceBehavior [ RunTime:0.002596s ]
INFO: [ app_end ] --END-- [ RunTime:0.002686s ]

[ 2016-08-31T08:46:49+08:00 ] 127.0.0.1 /bs_system/index.php/Admin/Public/del_session.html
INFO: [ app_init ] --START--
INFO: Run Behavior\BuildLiteBehavior [ RunTime:0.000016s ]
INFO: [ app_init ] --END-- [ RunTime:0.000091s ]
INFO: [ app_begin ] --START--
INFO: Run Behavior\ReadHtmlCacheBehavior [ RunTime:0.002366s ]
INFO: [ app_begin ] --END-- [ RunTime:0.002448s ]

[ 2016-08-31T08:46:49+08:00 ] 127.0.0.1 /bs_system/index.php/Admin/Public/log
INFO: [ app_init ] --START--
INFO: Run Behavior\BuildLiteBehavior [ RunTime:0.000016s ]
INFO: [ app_init ] --END-- [ RunTime:0.000084s ]
INFO: [ app_begin ] --START--
INFO: Run Behavior\ReadHtmlCacheBehavior [ RunTime:0.002640s ]
INFO: [ app_begin ] --END-- [ RunTime:0.002795s ]
INFO: [ view_parse ] --START--
INFO: [ template_filter ] --START--
INFO: Run Behavior\ContentReplaceBehavior [ RunTime:0.000070s ]
INFO: [ template_filter ] --END-- [ RunTime:0.000154s ]
INFO: Run Behavior\ParseTemplateBehavior [ RunTime:0.015156s ]
INFO: [ view_parse ] --END-- [ RunTime:0.015253s ]
INFO: [ view_filter ] --START--
INFO: Run Behavior\WriteHtmlCacheBehavior [ RunTime:0.002499s ]
INFO: [ view_filter ] --END-- [ RunTime:0.002619s ]
INFO: [ app_end ] --START--
INFO: Run Behavior\ShowPageTraceBehavior [ RunTime:0.002809s ]
INFO: [ app_end ] --END-- [ RunTime:0.002887s ]

[ 2016-08-31T08:46:56+08:00 ] 127.0.0.1 /bs_system/index.php/Admin/Public/log
INFO: [ app_init ] --START--
INFO: Run Behavior\BuildLiteBehavior [ RunTime:0.000015s ]
INFO: [ app_init ] --END-- [ RunTime:0.000078s ]
INFO: [ app_begin ] --START--
INFO: Run Behavior\ReadHtmlCacheBehavior [ RunTime:0.002593s ]
INFO: [ app_begin ] --END-- [ RunTime:0.002694s ]
SQL: SHOW COLUMNS FROM db_exam.db_admin [ RunTime:0.005514s ]
SQL: SHOW COLUMNS FROM db_exam.db_bank [ RunTime:0.006186s ]
SQL: SELECT COUNT(*) AS tp_count FROM db_exam.db_bank WHERE `username` = 'tiexi' AND `password` = '827ccb0eea8a706c4c34a16891f84e7b' AND `status` = 1 LIMIT 1   [ RunTime:0.000667s ]
SQL: SELECT `id` FROM db_exam.db_bank WHERE `username` = 'tiexi' AND `password` = '827ccb0eea8a706c4c34a16891f84e7b' AND `status` = 1 LIMIT 1   [ RunTime:0.000438s ]
SQL: SELECT COUNT(*) AS tp_count FROM db_exam.db_admin WHERE `username` = 'tiexi' AND `password` = '827ccb0eea8a706c4c34a16891f84e7b' LIMIT 1   [ RunTime:0.000378s ]
INFO: [ view_parse ] --START--
INFO: [ template_filter ] --START--
INFO: Run Behavior\ContentReplaceBehavior [ RunTime:0.000089s ]
INFO: [ template_filter ] --END-- [ RunTime:0.000202s ]
INFO: Run Behavior\ParseTemplateBehavior [ RunTime:0.130397s ]
INFO: [ view_parse ] --END-- [ RunTime:0.130523s ]
INFO: [ view_filter ] --START--
INFO: Run Behavior\WriteHtmlCacheBehavior [ RunTime:0.003715s ]
INFO: [ view_filter ] --END-- [ RunTime:0.003827s ]

[ 2016-08-31T08:46:59+08:00 ] 127.0.0.1 /bs_system/index.php/Admin/Public/log
INFO: [ app_init ] --START--
INFO: Run Behavior\BuildLiteBehavior [ RunTime:0.000016s ]
INFO: [ app_init ] --END-- [ RunTime:0.000084s ]
INFO: [ app_begin ] --START--
INFO: Run Behavior\ReadHtmlCacheBehavior [ RunTime:0.002658s ]
INFO: [ app_begin ] --END-- [ RunTime:0.002755s ]
INFO: [ view_parse ] --START--
INFO: [ template_filter ] --START--
INFO: Run Behavior\ContentReplaceBehavior [ RunTime:0.000067s ]
INFO: [ template_filter ] --END-- [ RunTime:0.000145s ]
INFO: Run Behavior\ParseTemplateBehavior [ RunTime:0.013351s ]
INFO: [ view_parse ] --END-- [ RunTime:0.013425s ]
INFO: [ view_filter ] --START--
INFO: Run Behavior\WriteHtmlCacheBehavior [ RunTime:0.002304s ]
INFO: [ view_filter ] --END-- [ RunTime:0.002366s ]
INFO: [ app_end ] --START--
INFO: Run Behavior\ShowPageTraceBehavior [ RunTime:0.002433s ]
INFO: [ app_end ] --END-- [ RunTime:0.002494s ]

[ 2016-08-31T08:47:03+08:00 ] 127.0.0.1 /bs_system/index.php/Admin/Public/log
INFO: [ app_init ] --START--
INFO: Run Behavior\BuildLiteBehavior [ RunTime:0.000016s ]
INFO: [ app_init ] --END-- [ RunTime:0.000089s ]
INFO: [ app_begin ] --START--
INFO: Run Behavior\ReadHtmlCacheBehavior [ RunTime:0.002369s ]
INFO: [ app_begin ] --END-- [ RunTime:0.002458s ]
SQL: SHOW COLUMNS FROM db_exam.db_admin [ RunTime:0.005912s ]
SQL: SHOW COLUMNS FROM db_exam.db_bank [ RunTime:0.006098s ]
SQL: SELECT COUNT(*) AS tp_count FROM db_exam.db_bank WHERE `username` = 'tiexi' AND `password` = '670b14728ad9902aecba32e22fa4f6bd' AND `status` = 1 LIMIT 1   [ RunTime:0.000286s ]
SQL: SELECT `id` FROM db_exam.db_bank WHERE `username` = 'tiexi' AND `password` = '670b14728ad9902aecba32e22fa4f6bd' AND `status` = 1 LIMIT 1   [ RunTime:0.000339s ]
SQL: SELECT COUNT(*) AS tp_count FROM db_exam.db_admin WHERE `username` = 'tiexi' AND `password` = '670b14728ad9902aecba32e22fa4f6bd' LIMIT 1   [ RunTime:0.000180s ]

[ 2016-08-31T08:47:04+08:00 ] 127.0.0.1 /bs_system/index.php/Admin/index/branchmain/id/8.html
INFO: [ app_init ] --START--
INFO: Run Behavior\BuildLiteBehavior [ RunTime:0.000023s ]
INFO: [ app_init ] --END-- [ RunTime:0.000123s ]
INFO: [ app_begin ] --START--
INFO: Run Behavior\ReadHtmlCacheBehavior [ RunTime:0.002680s ]
INFO: [ app_begin ] --END-- [ RunTime:0.002793s ]
SQL: SHOW COLUMNS FROM db_exam.db_bank [ RunTime:0.006042s ]
SQL: SELECT `name`,`me_name`,`status` FROM db_exam.db_bank WHERE `id` = '8' LIMIT 1   [ RunTime:0.000432s ]
SQL: SHOW COLUMNS FROM db_exam.db_user [ RunTime:0.006098s ]
SQL: SELECT COUNT(*) AS tp_count FROM db_exam.db_user WHERE `b_id` = '8' LIMIT 1   [ RunTime:0.000462s ]
SQL: SELECT COUNT(*) AS tp_count FROM db_exam.db_user WHERE `b_id` = '8' AND `level` = 0 LIMIT 1   [ RunTime:0.000383s ]
SQL: SELECT COUNT(*) AS tp_count FROM db_exam.db_user WHERE `b_id` = '8' AND `level` = 1 LIMIT 1   [ RunTime:0.000560s ]
SQL: SELECT COUNT(*) AS tp_count FROM db_exam.db_user WHERE `b_id` = '8' AND `level` = 2 LIMIT 1   [ RunTime:0.000525s ]
SQL: SELECT COUNT(*) AS tp_count FROM db_exam.db_user WHERE `b_id` = '8' AND `level` = 3 LIMIT 1   [ RunTime:0.000595s ]
INFO: [ view_parse ] --START--
INFO: [ template_filter ] --START--
INFO: Run Behavior\ContentReplaceBehavior [ RunTime:0.000182s ]
INFO: [ template_filter ] --END-- [ RunTime:0.000289s ]
INFO: Run Behavior\ParseTemplateBehavior [ RunTime:0.128331s ]
INFO: [ view_parse ] --END-- [ RunTime:0.128464s ]
INFO: [ view_filter ] --START--
INFO: Run Behavior\WriteHtmlCacheBehavior [ RunTime:0.003240s ]
INFO: [ view_filter ] --END-- [ RunTime:0.003323s ]
INFO: [ app_end ] --START--
INFO: Run Behavior\ShowPageTraceBehavior [ RunTime:0.004898s ]
INFO: [ app_end ] --END-- [ RunTime:0.005006s ]

[ 2016-08-31T08:47:04+08:00 ] 127.0.0.1 /bs_system/index.php/Admin/index/branchd_user_list_fen.html
INFO: [ app_init ] --START--
INFO: Run Behavior\BuildLiteBehavior [ RunTime:0.000015s ]
INFO: [ app_init ] --END-- [ RunTime:0.000079s ]
INFO: [ app_begin ] --START--
INFO: Run Behavior\ReadHtmlCacheBehavior [ RunTime:0.002673s ]
INFO: [ app_begin ] --END-- [ RunTime:0.002776s ]
SQL: SHOW COLUMNS FROM db_exam.db_user [ RunTime:0.005603s ]
SQL: SELECT COUNT(*) AS tp_count FROM db_exam.db_user WHERE `b_id` = '8' LIMIT 1   [ RunTime:0.000353s ]
SQL: SELECT * FROM db_exam.db_user WHERE `b_id` = '8' LIMIT 0,10   [ RunTime:0.000256s ]
NOTIC: [2] Invalid argument supplied for foreach() D:\www\bs_system\Application\Admin\Controller\IndexController.class.php 第 929 行.

[ 2016-08-31T08:47:06+08:00 ] 127.0.0.1 /bs_system/index.php/Admin/Public/del_session.html
INFO: [ app_init ] --START--
INFO: Run Behavior\BuildLiteBehavior [ RunTime:0.000016s ]
INFO: [ app_init ] --END-- [ RunTime:0.000087s ]
INFO: [ app_begin ] --START--
INFO: Run Behavior\ReadHtmlCacheBehavior [ RunTime:0.002642s ]
INFO: [ app_begin ] --END-- [ RunTime:0.002732s ]

[ 2016-08-31T08:47:06+08:00 ] 127.0.0.1 /bs_system/index.php/Admin/Public/log
INFO: [ app_init ] --START--
INFO: Run Behavior\BuildLiteBehavior [ RunTime:0.000019s ]
INFO: [ app_init ] --END-- [ RunTime:0.000115s ]
INFO: [ app_begin ] --START--
INFO: Run Behavior\ReadHtmlCacheBehavior [ RunTime:0.002790s ]
INFO: [ app_begin ] --END-- [ RunTime:0.002930s ]
INFO: [ view_parse ] --START--
INFO: [ template_filter ] --START--
INFO: Run Behavior\ContentReplaceBehavior [ RunTime:0.000101s ]
INFO: [ template_filter ] --END-- [ RunTime:0.000211s ]
INFO: Run Behavior\ParseTemplateBehavior [ RunTime:0.016131s ]
INFO: [ view_parse ] --END-- [ RunTime:0.016281s ]
INFO: [ view_filter ] --START--
INFO: Run Behavior\WriteHtmlCacheBehavior [ RunTime:0.002625s ]
INFO: [ view_filter ] --END-- [ RunTime:0.002691s ]
INFO: [ app_end ] --START--
INFO: Run Behavior\ShowPageTraceBehavior [ RunTime:0.002932s ]
INFO: [ app_end ] --END-- [ RunTime:0.003000s ]

[ 2016-08-31T08:47:14+08:00 ] 127.0.0.1 /bs_system/index.php/Admin/Public/log
INFO: [ app_init ] --START--
INFO: Run Behavior\BuildLiteBehavior [ RunTime:0.000017s ]
INFO: [ app_init ] --END-- [ RunTime:0.000097s ]
INFO: [ app_begin ] --START--
INFO: Run Behavior\ReadHtmlCacheBehavior [ RunTime:0.000928s ]
INFO: [ app_begin ] --END-- [ RunTime:0.001039s ]
SQL: SHOW COLUMNS FROM db_exam.db_admin [ RunTime:0.005722s ]
SQL: SHOW COLUMNS FROM db_exam.db_bank [ RunTime:0.007733s ]
SQL: SELECT COUNT(*) AS tp_count FROM db_exam.db_bank WHERE `username` = 'fengtai' AND `password` = '670b14728ad9902aecba32e22fa4f6bd' AND `status` = 1 LIMIT 1   [ RunTime:0.000517s ]
SQL: SELECT `id` FROM db_exam.db_bank WHERE `username` = 'fengtai' AND `password` = '670b14728ad9902aecba32e22fa4f6bd' AND `status` = 1 LIMIT 1   [ RunTime:0.000283s ]
SQL: SELECT COUNT(*) AS tp_count FROM db_exam.db_admin WHERE `username` = 'fengtai' AND `password` = '670b14728ad9902aecba32e22fa4f6bd' LIMIT 1   [ RunTime:0.000279s ]

[ 2016-08-31T08:47:14+08:00 ] 127.0.0.1 /bs_system/index.php/Admin/index/branchmain/id/2.html
INFO: [ app_init ] --START--
INFO: Run Behavior\BuildLiteBehavior [ RunTime:0.000014s ]
INFO: [ app_init ] --END-- [ RunTime:0.000081s ]
INFO: [ app_begin ] --START--
INFO: Run Behavior\ReadHtmlCacheBehavior [ RunTime:0.000686s ]
INFO: [ app_begin ] --END-- [ RunTime:0.000799s ]
SQL: SHOW COLUMNS FROM db_exam.db_bank [ RunTime:0.005913s ]
SQL: SELECT `name`,`me_name`,`status` FROM db_exam.db_bank WHERE `id` = '2' LIMIT 1   [ RunTime:0.000511s ]
SQL: SHOW COLUMNS FROM db_exam.db_user [ RunTime:0.006002s ]
SQL: SELECT COUNT(*) AS tp_count FROM db_exam.db_user WHERE `b_id` = '2' LIMIT 1   [ RunTime:0.000784s ]
SQL: SELECT COUNT(*) AS tp_count FROM db_exam.db_user WHERE `b_id` = '2' AND `level` = 0 LIMIT 1   [ RunTime:0.000475s ]
SQL: SELECT COUNT(*) AS tp_count FROM db_exam.db_user WHERE `b_id` = '2' AND `level` = 1 LIMIT 1   [ RunTime:0.000731s ]
SQL: SELECT COUNT(*) AS tp_count FROM db_exam.db_user WHERE `b_id` = '2' AND `level` = 2 LIMIT 1   [ RunTime:0.000840s ]
SQL: SELECT COUNT(*) AS tp_count FROM db_exam.db_user WHERE `b_id` = '2' AND `level` = 3 LIMIT 1   [ RunTime:0.000671s ]
INFO: [ view_parse ] --START--
INFO: [ template_filter ] --START--
INFO: Run Behavior\ContentReplaceBehavior [ RunTime:0.000120s ]
INFO: [ template_filter ] --END-- [ RunTime:0.000194s ]
INFO: Run Behavior\ParseTemplateBehavior [ RunTime:0.010061s ]
INFO: [ view_parse ] --END-- [ RunTime:0.010140s ]
INFO: [ view_filter ] --START--
INFO: Run Behavior\WriteHtmlCacheBehavior [ RunTime:0.000437s ]
INFO: [ view_filter ] --END-- [ RunTime:0.000490s ]
INFO: [ app_end ] --START--
INFO: Run Behavior\ShowPageTraceBehavior [ RunTime:0.000965s ]
INFO: [ app_end ] --END-- [ RunTime:0.001074s ]

[ 2016-08-31T08:47:14+08:00 ] 127.0.0.1 /bs_system/index.php/Admin/index/branchd_user_list_fen.html
INFO: [ app_init ] --START--
INFO: Run Behavior\BuildLiteBehavior [ RunTime:0.000023s ]
INFO: [ app_init ] --END-- [ RunTime:0.000129s ]
INFO: [ app_begin ] --START--
INFO: Run Behavior\ReadHtmlCacheBehavior [ RunTime:0.000711s ]
INFO: [ app_begin ] --END-- [ RunTime:0.000828s ]
SQL: SHOW COLUMNS FROM db_exam.db_user [ RunTime:0.005821s ]
SQL: SELECT COUNT(*) AS tp_count FROM db_exam.db_user WHERE `b_id` = '2' LIMIT 1   [ RunTime:0.000409s ]
SQL: SELECT * FROM db_exam.db_user WHERE `b_id` = '2' LIMIT 0,10   [ RunTime:0.000364s ]

[ 2016-08-31T08:47:19+08:00 ] 127.0.0.1 /bs_system/index.php/Admin/Index/getUserInfo_fen.html
INFO: [ app_init ] --START--
INFO: Run Behavior\BuildLiteBehavior [ RunTime:0.000016s ]
INFO: [ app_init ] --END-- [ RunTime:0.000092s ]
INFO: [ app_begin ] --START--
INFO: Run Behavior\ReadHtmlCacheBehavior [ RunTime:0.000552s ]
INFO: [ app_begin ] --END-- [ RunTime:0.000638s ]
SQL: SHOW COLUMNS FROM db_exam.db_user [ RunTime:0.006931s ]
SQL: SELECT * FROM db_exam.db_user WHERE `id` = '2' LIMIT 1   [ RunTime:0.000451s ]
SQL: SHOW COLUMNS FROM db_exam.db_bank [ RunTime:0.005473s ]
SQL: SELECT `id`,`name`,`me_name` FROM db_exam.db_bank GROUP BY name  [ RunTime:0.002031s ]
SQL: SELECT `name`,`me_name` FROM db_exam.db_bank WHERE `id` = '2' LIMIT 1   [ RunTime:0.000481s ]
SQL: SELECT `id`,`name`,`me_name` FROM db_exam.db_bank WHERE `name` = '北京分行'  [ RunTime:0.000298s ]

[ 2016-08-31T08:47:52+08:00 ] 127.0.0.1 /bs_system/index.php/Admin/index/up_fen_pass
INFO: [ app_init ] --START--
INFO: Run Behavior\BuildLiteBehavior [ RunTime:0.000016s ]
INFO: [ app_init ] --END-- [ RunTime:0.000083s ]
INFO: [ app_begin ] --START--
INFO: Run Behavior\ReadHtmlCacheBehavior [ RunTime:0.000499s ]
INFO: [ app_begin ] --END-- [ RunTime:0.000581s ]
SQL: SHOW COLUMNS FROM db_exam.db_bank [ RunTime:0.005966s ]
SQL: SELECT `password` FROM db_exam.db_bank WHERE `id` = '2' LIMIT 1   [ RunTime:0.000444s ]
SQL: UPDATE db_exam.db_bank SET `password`='827ccb0eea8a706c4c34a16891f84e7b' WHERE `id` = '2' [ RunTime:0.341563s ]
INFO: [ view_parse ] --START--
INFO: [ template_filter ] --START--
INFO: Run Behavior\ContentReplaceBehavior [ RunTime:0.000104s ]
INFO: [ template_filter ] --END-- [ RunTime:0.000232s ]
INFO: Run Behavior\ParseTemplateBehavior [ RunTime:0.010598s ]
INFO: [ view_parse ] --END-- [ RunTime:0.010732s ]
INFO: [ view_filter ] --START--
INFO: Run Behavior\WriteHtmlCacheBehavior [ RunTime:0.000501s ]
INFO: [ view_filter ] --END-- [ RunTime:0.000601s ]
INFO: [ app_end ] --START--
INFO: Run Behavior\ShowPageTraceBehavior [ RunTime:0.000899s ]
INFO: [ app_end ] --END-- [ RunTime:0.000996s ]

[ 2016-08-31T08:47:54+08:00 ] 127.0.0.1 /bs_system/index.php/Admin/index/branchmain/id/2.html
INFO: [ app_init ] --START--
INFO: Run Behavior\BuildLiteBehavior [ RunTime:0.000020s ]
INFO: [ app_init ] --END-- [ RunTime:0.000112s ]
INFO: [ app_begin ] --START--
INFO: Run Behavior\ReadHtmlCacheBehavior [ RunTime:0.000695s ]
INFO: [ app_begin ] --END-- [ RunTime:0.000805s ]
SQL: SHOW COLUMNS FROM db_exam.db_bank [ RunTime:0.005714s ]
SQL: SELECT `name`,`me_name`,`status` FROM db_exam.db_bank WHERE `id` = '2' LIMIT 1   [ RunTime:0.000817s ]
SQL: SHOW COLUMNS FROM db_exam.db_user [ RunTime:0.005812s ]
SQL: SELECT COUNT(*) AS tp_count FROM db_exam.db_user WHERE `b_id` = '2' LIMIT 1   [ RunTime:0.000762s ]
SQL: SELECT COUNT(*) AS tp_count FROM db_exam.db_user WHERE `b_id` = '2' AND `level` = 0 LIMIT 1   [ RunTime:0.000449s ]
SQL: SELECT COUNT(*) AS tp_count FROM db_exam.db_user WHERE `b_id` = '2' AND `level` = 1 LIMIT 1   [ RunTime:0.000453s ]
SQL: SELECT COUNT(*) AS tp_count FROM db_exam.db_user WHERE `b_id` = '2' AND `level` = 2 LIMIT 1   [ RunTime:0.000432s ]
SQL: SELECT COUNT(*) AS tp_count FROM db_exam.db_user WHERE `b_id` = '2' AND `level` = 3 LIMIT 1   [ RunTime:0.000592s ]
INFO: [ view_parse ] --START--
INFO: [ template_filter ] --START--
INFO: Run Behavior\ContentReplaceBehavior [ RunTime:0.000122s ]
INFO: [ template_filter ] --END-- [ RunTime:0.000194s ]
INFO: Run Behavior\ParseTemplateBehavior [ RunTime:0.008908s ]
INFO: [ view_parse ] --END-- [ RunTime:0.008989s ]
INFO: [ view_filter ] --START--
INFO: Run Behavior\WriteHtmlCacheBehavior [ RunTime:0.000263s ]
INFO: [ view_filter ] --END-- [ RunTime:0.000320s ]
INFO: [ app_end ] --START--
INFO: Run Behavior\ShowPageTraceBehavior [ RunTime:0.000585s ]
INFO: [ app_end ] --END-- [ RunTime:0.000665s ]

[ 2016-08-31T08:47:54+08:00 ] 127.0.0.1 /bs_system/index.php/Admin/index/branchd_user_list_fen.html
INFO: [ app_init ] --START--
INFO: Run Behavior\BuildLiteBehavior [ RunTime:0.000016s ]
INFO: [ app_init ] --END-- [ RunTime:0.000091s ]
INFO: [ app_begin ] --START--
INFO: Run Behavior\ReadHtmlCacheBehavior [ RunTime:0.000505s ]
INFO: [ app_begin ] --END-- [ RunTime:0.000590s ]
SQL: SHOW COLUMNS FROM db_exam.db_user [ RunTime:0.005782s ]
SQL: SELECT COUNT(*) AS tp_count FROM db_exam.db_user WHERE `b_id` = '2' LIMIT 1   [ RunTime:0.000792s ]
SQL: SELECT * FROM db_exam.db_user WHERE `b_id` = '2' LIMIT 0,10   [ RunTime:0.000493s ]

[ 2016-08-31T08:48:05+08:00 ] 127.0.0.1 /bs_system/index.php/Admin/Index/getUserInfo_fen.html
INFO: [ app_init ] --START--
INFO: Run Behavior\BuildLiteBehavior [ RunTime:0.000016s ]
INFO: [ app_init ] --END-- [ RunTime:0.000084s ]
INFO: [ app_begin ] --START--
INFO: Run Behavior\ReadHtmlCacheBehavior [ RunTime:0.000500s ]
INFO: [ app_begin ] --END-- [ RunTime:0.000581s ]
SQL: SHOW COLUMNS FROM db_exam.db_user [ RunTime:0.005903s ]
SQL: SELECT * FROM db_exam.db_user WHERE `id` = '2' LIMIT 1   [ RunTime:0.000428s ]
SQL: SHOW COLUMNS FROM db_exam.db_bank [ RunTime:0.006645s ]
SQL: SELECT `id`,`name`,`me_name` FROM db_exam.db_bank GROUP BY name  [ RunTime:0.000686s ]
SQL: SELECT `name`,`me_name` FROM db_exam.db_bank WHERE `id` = '2' LIMIT 1   [ RunTime:0.000364s ]
SQL: SELECT `id`,`name`,`me_name` FROM db_exam.db_bank WHERE `name` = '北京分行'  [ RunTime:0.000409s ]

