[ 2018-06-13T18:45:06+08:00 ] 127.0.0.1 /bs_system/index.php/admin/Public/login.html
INFO: [ app_init ] --START--
INFO: Run Behavior\BuildLiteBehavior [ RunTime:0.000052s ]
INFO: [ app_init ] --END-- [ RunTime:0.000266s ]
INFO: [ app_begin ] --START--
INFO: Run Behavior\ReadHtmlCacheBehavior [ RunTime:0.000707s ]
INFO: [ app_begin ] --END-- [ RunTime:0.000756s ]
ERR: 非法操作:login

[ 2018-06-13T18:45:10+08:00 ] 127.0.0.1 /bs_system/index.php/admin/Public/log.html
INFO: [ app_init ] --START--
INFO: Run Behavior\BuildLiteBehavior [ RunTime:0.000033s ]
INFO: [ app_init ] --END-- [ RunTime:0.000150s ]
INFO: [ app_begin ] --START--
INFO: Run Behavior\ReadHtmlCacheBehavior [ RunTime:0.000545s ]
INFO: [ app_begin ] --END-- [ RunTime:0.000593s ]
INFO: [ view_parse ] --START--
INFO: [ template_filter ] --START--
INFO: Run Behavior\ContentReplaceBehavior [ RunTime:0.000044s ]
INFO: [ template_filter ] --END-- [ RunTime:0.000102s ]
INFO: Run Behavior\ParseTemplateBehavior [ RunTime:0.008398s ]
INFO: [ view_parse ] --END-- [ RunTime:0.008444s ]
INFO: [ view_filter ] --START--
INFO: Run Behavior\WriteHtmlCacheBehavior [ RunTime:0.000515s ]
INFO: [ view_filter ] --END-- [ RunTime:0.000546s ]
INFO: [ app_end ] --START--
INFO: Run Behavior\ShowPageTraceBehavior [ RunTime:0.000859s ]
INFO: [ app_end ] --END-- [ RunTime:0.000932s ]

[ 2018-06-13T18:45:13+08:00 ] 127.0.0.1 /bs_system/index.php/admin/Public/log.html
INFO: [ app_init ] --START--
INFO: Run Behavior\BuildLiteBehavior [ RunTime:0.000010s ]
INFO: [ app_init ] --END-- [ RunTime:0.000049s ]
INFO: [ app_begin ] --START--
INFO: Run Behavior\ReadHtmlCacheBehavior [ RunTime:0.000796s ]
INFO: [ app_begin ] --END-- [ RunTime:0.000843s ]
INFO: [ view_parse ] --START--
INFO: [ template_filter ] --START--
INFO: Run Behavior\ContentReplaceBehavior [ RunTime:0.000036s ]
INFO: [ template_filter ] --END-- [ RunTime:0.000079s ]
INFO: Run Behavior\ParseTemplateBehavior [ RunTime:0.008951s ]
INFO: [ view_parse ] --END-- [ RunTime:0.008998s ]
INFO: [ view_filter ] --START--
INFO: Run Behavior\WriteHtmlCacheBehavior [ RunTime:0.000565s ]
INFO: [ view_filter ] --END-- [ RunTime:0.000594s ]
INFO: [ app_end ] --START--
INFO: Run Behavior\ShowPageTraceBehavior [ RunTime:0.000779s ]
INFO: [ app_end ] --END-- [ RunTime:0.000811s ]

[ 2018-06-13T18:46:24+08:00 ] 127.0.0.1 /bs_system/index.php/admin/Public/log.html
INFO: [ app_init ] --START--
INFO: Run Behavior\BuildLiteBehavior [ RunTime:0.000010s ]
INFO: [ app_init ] --END-- [ RunTime:0.000047s ]
INFO: [ app_begin ] --START--
INFO: Run Behavior\ReadHtmlCacheBehavior [ RunTime:0.000758s ]
INFO: [ app_begin ] --END-- [ RunTime:0.000800s ]
SQL: SHOW COLUMNS FROM db_exam.db_admin [ RunTime:0.009513s ]
SQL: SHOW COLUMNS FROM db_exam.db_bank [ RunTime:0.009680s ]
SQL: SELECT COUNT(*) AS tp_count FROM db_exam.db_bank WHERE `username` = 'admin' AND `password` = 'e10adc3949ba59abbe56e057f20f883e' AND `status` = 1 LIMIT 1   [ RunTime:0.000475s ]
SQL: SELECT `id` FROM db_exam.db_bank WHERE `username` = 'admin' AND `password` = 'e10adc3949ba59abbe56e057f20f883e' AND `status` = 1 LIMIT 1   [ RunTime:0.000331s ]
SQL: SELECT COUNT(*) AS tp_count FROM db_exam.db_admin WHERE `username` = 'admin' AND `password` = 'e10adc3949ba59abbe56e057f20f883e' LIMIT 1   [ RunTime:0.000418s ]
INFO: [ view_parse ] --START--
INFO: [ template_filter ] --START--
INFO: Run Behavior\ContentReplaceBehavior [ RunTime:0.000030s ]
INFO: [ template_filter ] --END-- [ RunTime:0.000066s ]
INFO: Run Behavior\ParseTemplateBehavior [ RunTime:0.007601s ]
INFO: [ view_parse ] --END-- [ RunTime:0.007652s ]
INFO: [ view_filter ] --START--
INFO: Run Behavior\WriteHtmlCacheBehavior [ RunTime:0.000551s ]
INFO: [ view_filter ] --END-- [ RunTime:0.000582s ]

[ 2018-06-13T18:46:27+08:00 ] 127.0.0.1 /bs_system/index.php/admin/Public/log.html
INFO: [ app_init ] --START--
INFO: Run Behavior\BuildLiteBehavior [ RunTime:0.000010s ]
INFO: [ app_init ] --END-- [ RunTime:0.000048s ]
INFO: [ app_begin ] --START--
INFO: Run Behavior\ReadHtmlCacheBehavior [ RunTime:0.000855s ]
INFO: [ app_begin ] --END-- [ RunTime:0.000902s ]
INFO: [ view_parse ] --START--
INFO: [ template_filter ] --START--
INFO: Run Behavior\ContentReplaceBehavior [ RunTime:0.000148s ]
INFO: [ template_filter ] --END-- [ RunTime:0.000287s ]
INFO: Run Behavior\ParseTemplateBehavior [ RunTime:0.011031s ]
INFO: [ view_parse ] --END-- [ RunTime:0.011078s ]
INFO: [ view_filter ] --START--
INFO: Run Behavior\WriteHtmlCacheBehavior [ RunTime:0.000567s ]
INFO: [ view_filter ] --END-- [ RunTime:0.000598s ]
INFO: [ app_end ] --START--
INFO: Run Behavior\ShowPageTraceBehavior [ RunTime:0.000789s ]
INFO: [ app_end ] --END-- [ RunTime:0.000818s ]

[ 2018-06-13T18:46:47+08:00 ] 127.0.0.1 /bs_system/index.php/admin/Public/log.html
INFO: [ app_init ] --START--
INFO: Run Behavior\BuildLiteBehavior [ RunTime:0.000055s ]
INFO: [ app_init ] --END-- [ RunTime:0.000204s ]
INFO: [ app_begin ] --START--
INFO: Run Behavior\ReadHtmlCacheBehavior [ RunTime:0.000785s ]
INFO: [ app_begin ] --END-- [ RunTime:0.000853s ]
SQL: SHOW COLUMNS FROM db_exam.db_admin [ RunTime:0.036642s ]
SQL: SHOW COLUMNS FROM db_exam.db_bank [ RunTime:0.018507s ]
SQL: SELECT COUNT(*) AS tp_count FROM db_exam.db_bank WHERE `username` = 'admin' AND `password` = 'e10adc3949ba59abbe56e057f20f883e' AND `status` = 1 LIMIT 1   [ RunTime:0.000495s ]
SQL: SELECT `id` FROM db_exam.db_bank WHERE `username` = 'admin' AND `password` = 'e10adc3949ba59abbe56e057f20f883e' AND `status` = 1 LIMIT 1   [ RunTime:0.000345s ]
SQL: SELECT COUNT(*) AS tp_count FROM db_exam.db_admin WHERE `username` = 'admin' AND `password` = 'e10adc3949ba59abbe56e057f20f883e' LIMIT 1   [ RunTime:0.000334s ]
INFO: [ view_parse ] --START--
INFO: [ template_filter ] --START--
INFO: Run Behavior\ContentReplaceBehavior [ RunTime:0.000033s ]
INFO: [ template_filter ] --END-- [ RunTime:0.000072s ]
INFO: Run Behavior\ParseTemplateBehavior [ RunTime:0.006793s ]
INFO: [ view_parse ] --END-- [ RunTime:0.006859s ]
INFO: [ view_filter ] --START--
INFO: Run Behavior\WriteHtmlCacheBehavior [ RunTime:0.000293s ]
INFO: [ view_filter ] --END-- [ RunTime:0.000322s ]

[ 2018-06-13T18:46:50+08:00 ] 127.0.0.1 /bs_system/index.php/admin/Public/log.html
INFO: [ app_init ] --START--
INFO: Run Behavior\BuildLiteBehavior [ RunTime:0.000010s ]
INFO: [ app_init ] --END-- [ RunTime:0.000045s ]
INFO: [ app_begin ] --START--
INFO: Run Behavior\ReadHtmlCacheBehavior [ RunTime:0.000747s ]
INFO: [ app_begin ] --END-- [ RunTime:0.000838s ]
INFO: [ view_parse ] --START--
INFO: [ template_filter ] --START--
INFO: Run Behavior\ContentReplaceBehavior [ RunTime:0.000078s ]
INFO: [ template_filter ] --END-- [ RunTime:0.000186s ]
INFO: Run Behavior\ParseTemplateBehavior [ RunTime:0.008133s ]
INFO: [ view_parse ] --END-- [ RunTime:0.008172s ]
INFO: [ view_filter ] --START--
INFO: Run Behavior\WriteHtmlCacheBehavior [ RunTime:0.000244s ]
INFO: [ view_filter ] --END-- [ RunTime:0.000272s ]
INFO: [ app_end ] --START--
INFO: Run Behavior\ShowPageTraceBehavior [ RunTime:0.000467s ]
INFO: [ app_end ] --END-- [ RunTime:0.000495s ]

[ 2018-06-13T18:47:09+08:00 ] 127.0.0.1 /bs_system/index.php/admin/Public/log.html
INFO: [ app_init ] --START--
INFO: Run Behavior\BuildLiteBehavior [ RunTime:0.000012s ]
INFO: [ app_init ] --END-- [ RunTime:0.000055s ]
INFO: [ app_begin ] --START--
INFO: Run Behavior\ReadHtmlCacheBehavior [ RunTime:0.001769s ]
INFO: [ app_begin ] --END-- [ RunTime:0.002038s ]
SQL: SHOW COLUMNS FROM db_exam.db_admin [ RunTime:0.034220s ]
SQL: SHOW COLUMNS FROM db_exam.db_bank [ RunTime:0.022759s ]
SQL: SELECT COUNT(*) AS tp_count FROM db_exam.db_bank WHERE `username` = 'shenyang' AND `password` = 'e10adc3949ba59abbe56e057f20f883e' AND `status` = 1 LIMIT 1   [ RunTime:0.001727s ]
SQL: SELECT `id` FROM db_exam.db_bank WHERE `username` = 'shenyang' AND `password` = 'e10adc3949ba59abbe56e057f20f883e' AND `status` = 1 LIMIT 1   [ RunTime:0.000825s ]
SQL: SELECT COUNT(*) AS tp_count FROM db_exam.db_admin WHERE `username` = 'shenyang' AND `password` = 'e10adc3949ba59abbe56e057f20f883e' LIMIT 1   [ RunTime:0.000632s ]

[ 2018-06-13T18:47:10+08:00 ] 127.0.0.1 /bs_system/index.php/Admin/index/branchmain/id/1.html
INFO: [ app_init ] --START--
INFO: Run Behavior\BuildLiteBehavior [ RunTime:0.000010s ]
INFO: [ app_init ] --END-- [ RunTime:0.000046s ]
INFO: [ app_begin ] --START--
INFO: Run Behavior\ReadHtmlCacheBehavior [ RunTime:0.000798s ]
INFO: [ app_begin ] --END-- [ RunTime:0.000838s ]
SQL: SHOW COLUMNS FROM db_exam.db_bank [ RunTime:0.009722s ]
SQL: SELECT `name`,`me_name`,`status` FROM db_exam.db_bank WHERE `id` = '1' LIMIT 1   [ RunTime:0.000591s ]
SQL: SHOW COLUMNS FROM db_exam.db_user [ RunTime:0.009926s ]
SQL: SELECT COUNT(*) AS tp_count FROM db_exam.db_user WHERE `b_id` = '1' LIMIT 1   [ RunTime:0.000564s ]
SQL: SELECT COUNT(*) AS tp_count FROM db_exam.db_user WHERE `b_id` = '1' AND `level` = 0 LIMIT 1   [ RunTime:0.000427s ]
SQL: SELECT COUNT(*) AS tp_count FROM db_exam.db_user WHERE `b_id` = '1' AND `level` = 1 LIMIT 1   [ RunTime:0.000357s ]
SQL: SELECT COUNT(*) AS tp_count FROM db_exam.db_user WHERE `b_id` = '1' AND `level` = 2 LIMIT 1   [ RunTime:0.000365s ]
SQL: SELECT COUNT(*) AS tp_count FROM db_exam.db_user WHERE `b_id` = '1' AND `level` = 3 LIMIT 1   [ RunTime:0.000349s ]
INFO: [ view_parse ] --START--
INFO: [ template_filter ] --START--
INFO: Run Behavior\ContentReplaceBehavior [ RunTime:0.000073s ]
INFO: [ template_filter ] --END-- [ RunTime:0.000126s ]
INFO: Run Behavior\ParseTemplateBehavior [ RunTime:0.010703s ]
INFO: [ view_parse ] --END-- [ RunTime:0.010744s ]
INFO: [ view_filter ] --START--
INFO: Run Behavior\WriteHtmlCacheBehavior [ RunTime:0.000573s ]
INFO: [ view_filter ] --END-- [ RunTime:0.000602s ]
INFO: [ app_end ] --START--
INFO: Run Behavior\ShowPageTraceBehavior [ RunTime:0.000963s ]
INFO: [ app_end ] --END-- [ RunTime:0.001007s ]

[ 2018-06-13T18:47:11+08:00 ] 127.0.0.1 /bs_system/index.php/Admin/index/branchd_user_list_fen.html
INFO: [ app_init ] --START--
INFO: Run Behavior\BuildLiteBehavior [ RunTime:0.000032s ]
INFO: [ app_init ] --END-- [ RunTime:0.000157s ]
INFO: [ app_begin ] --START--
INFO: Run Behavior\ReadHtmlCacheBehavior [ RunTime:0.000817s ]
INFO: [ app_begin ] --END-- [ RunTime:0.000861s ]
SQL: SHOW COLUMNS FROM db_exam.db_user [ RunTime:0.032376s ]
SQL: SELECT COUNT(*) AS tp_count FROM db_exam.db_user WHERE `b_id` = '1' LIMIT 1   [ RunTime:0.000960s ]
SQL: SELECT * FROM db_exam.db_user WHERE `b_id` = '1' LIMIT 0,10   [ RunTime:0.000832s ]

[ 2018-06-13T18:48:46+08:00 ] 127.0.0.1 /bs_system/index.php/Admin/Public/del_session.html
INFO: [ app_init ] --START--
INFO: Run Behavior\BuildLiteBehavior [ RunTime:0.000010s ]
INFO: [ app_init ] --END-- [ RunTime:0.000051s ]
INFO: [ app_begin ] --START--
INFO: Run Behavior\ReadHtmlCacheBehavior [ RunTime:0.000775s ]
INFO: [ app_begin ] --END-- [ RunTime:0.000818s ]

[ 2018-06-13T18:48:46+08:00 ] 127.0.0.1 /bs_system/index.php/Admin/Public/log
INFO: [ app_init ] --START--
INFO: Run Behavior\BuildLiteBehavior [ RunTime:0.000010s ]
INFO: [ app_init ] --END-- [ RunTime:0.000047s ]
INFO: [ app_begin ] --START--
INFO: Run Behavior\ReadHtmlCacheBehavior [ RunTime:0.002587s ]
INFO: [ app_begin ] --END-- [ RunTime:0.002784s ]
INFO: [ view_parse ] --START--
INFO: [ template_filter ] --START--
INFO: Run Behavior\ContentReplaceBehavior [ RunTime:0.000034s ]
INFO: [ template_filter ] --END-- [ RunTime:0.000072s ]
INFO: Run Behavior\ParseTemplateBehavior [ RunTime:0.007527s ]
INFO: [ view_parse ] --END-- [ RunTime:0.007567s ]
INFO: [ view_filter ] --START--
INFO: Run Behavior\WriteHtmlCacheBehavior [ RunTime:0.000541s ]
INFO: [ view_filter ] --END-- [ RunTime:0.000568s ]
INFO: [ app_end ] --START--
INFO: Run Behavior\ShowPageTraceBehavior [ RunTime:0.000809s ]
INFO: [ app_end ] --END-- [ RunTime:0.000838s ]

[ 2018-06-13T18:49:03+08:00 ] 127.0.0.1 /bs_system/index.php/Admin/Public/log
INFO: [ app_init ] --START--
INFO: Run Behavior\BuildLiteBehavior [ RunTime:0.000026s ]
INFO: [ app_init ] --END-- [ RunTime:0.000104s ]
INFO: [ app_begin ] --START--
INFO: Run Behavior\ReadHtmlCacheBehavior [ RunTime:0.000864s ]
INFO: [ app_begin ] --END-- [ RunTime:0.000921s ]
SQL: SHOW COLUMNS FROM db_exam.db_admin [ RunTime:0.031313s ]
SQL: SHOW COLUMNS FROM db_exam.db_bank [ RunTime:0.020447s ]
SQL: SELECT COUNT(*) AS tp_count FROM db_exam.db_bank WHERE `username` = 'admin' AND `password` = 'e10adc3949ba59abbe56e057f20f883e' AND `status` = 1 LIMIT 1   [ RunTime:0.000744s ]
SQL: SELECT `id` FROM db_exam.db_bank WHERE `username` = 'admin' AND `password` = 'e10adc3949ba59abbe56e057f20f883e' AND `status` = 1 LIMIT 1   [ RunTime:0.000536s ]
SQL: SELECT COUNT(*) AS tp_count FROM db_exam.db_admin WHERE `username` = 'admin' AND `password` = 'e10adc3949ba59abbe56e057f20f883e' LIMIT 1   [ RunTime:0.000500s ]

[ 2018-06-13T18:49:04+08:00 ] 127.0.0.1 /bs_system/index.php/Admin/index/branchlist.html
INFO: [ app_init ] --START--
INFO: Run Behavior\BuildLiteBehavior [ RunTime:0.000012s ]
INFO: [ app_init ] --END-- [ RunTime:0.000060s ]
INFO: [ app_begin ] --START--
INFO: Run Behavior\ReadHtmlCacheBehavior [ RunTime:0.000833s ]
INFO: [ app_begin ] --END-- [ RunTime:0.000878s ]
SQL: SHOW COLUMNS FROM db_exam.db_user [ RunTime:0.025187s ]
SQL: SELECT COUNT(*) AS tp_count FROM db_exam.db_user LIMIT 1   [ RunTime:0.001002s ]
SQL: SELECT COUNT(*) AS tp_count FROM db_exam.db_user WHERE `level` = 0 LIMIT 1   [ RunTime:0.000853s ]
SQL: SELECT COUNT(*) AS tp_count FROM db_exam.db_user WHERE `level` = 1 LIMIT 1   [ RunTime:0.000835s ]
SQL: SELECT COUNT(*) AS tp_count FROM db_exam.db_user WHERE `level` = 2 LIMIT 1   [ RunTime:0.000835s ]
SQL: SELECT COUNT(*) AS tp_count FROM db_exam.db_user WHERE `level` = 3 LIMIT 1   [ RunTime:0.000816s ]
INFO: [ view_parse ] --START--
INFO: [ template_filter ] --START--
INFO: Run Behavior\ContentReplaceBehavior [ RunTime:0.000114s ]
INFO: [ template_filter ] --END-- [ RunTime:0.000199s ]
INFO: Run Behavior\ParseTemplateBehavior [ RunTime:0.020020s ]
INFO: [ view_parse ] --END-- [ RunTime:0.020130s ]
INFO: [ view_filter ] --START--
INFO: Run Behavior\WriteHtmlCacheBehavior [ RunTime:0.001409s ]
INFO: [ view_filter ] --END-- [ RunTime:0.001482s ]
INFO: [ app_end ] --START--
INFO: Run Behavior\ShowPageTraceBehavior [ RunTime:0.002076s ]
INFO: [ app_end ] --END-- [ RunTime:0.002153s ]

[ 2018-06-13T18:49:05+08:00 ] 127.0.0.1 /bs_system/index.php/Admin/index/branchlist_fen.html
INFO: [ app_init ] --START--
INFO: Run Behavior\BuildLiteBehavior [ RunTime:0.000010s ]
INFO: [ app_init ] --END-- [ RunTime:0.000048s ]
INFO: [ app_begin ] --START--
INFO: Run Behavior\ReadHtmlCacheBehavior [ RunTime:0.000765s ]
INFO: [ app_begin ] --END-- [ RunTime:0.000802s ]
SQL: SHOW COLUMNS FROM db_exam.db_bank [ RunTime:0.036036s ]
SQL: SELECT COUNT(*) AS tp_count FROM db_exam.db_bank LIMIT 1   [ RunTime:0.001172s ]
SQL: SELECT * FROM db_exam.db_bank LIMIT 0,10   [ RunTime:0.001077s ]
SQL: SHOW COLUMNS FROM db_exam.db_user [ RunTime:0.012409s ]
SQL: SELECT COUNT(*) AS tp_count FROM db_exam.db_user WHERE `b_id` = '1' LIMIT 1   [ RunTime:0.000771s ]
SQL: SELECT COUNT(*) AS tp_count FROM db_exam.db_user WHERE `b_id` = '1' AND `level` = 0 LIMIT 1   [ RunTime:0.000503s ]
SQL: SELECT COUNT(*) AS tp_count FROM db_exam.db_user WHERE `b_id` = '1' AND `level` = 1 LIMIT 1   [ RunTime:0.000590s ]
SQL: SELECT COUNT(*) AS tp_count FROM db_exam.db_user WHERE `b_id` = '1' AND `level` = 2 LIMIT 1   [ RunTime:0.000493s ]
SQL: SELECT COUNT(*) AS tp_count FROM db_exam.db_user WHERE `b_id` = '1' AND `level` = 3 LIMIT 1   [ RunTime:0.000441s ]
SQL: SELECT COUNT(*) AS tp_count FROM db_exam.db_user WHERE `b_id` = '2' AND `level` = 3 LIMIT 1   [ RunTime:0.000443s ]
SQL: SELECT COUNT(*) AS tp_count FROM db_exam.db_user WHERE `b_id` = '2' AND `level` = 0 LIMIT 1   [ RunTime:0.000443s ]
SQL: SELECT COUNT(*) AS tp_count FROM db_exam.db_user WHERE `b_id` = '2' AND `level` = 1 LIMIT 1   [ RunTime:0.000448s ]
SQL: SELECT COUNT(*) AS tp_count FROM db_exam.db_user WHERE `b_id` = '2' AND `level` = 2 LIMIT 1   [ RunTime:0.000435s ]
SQL: SELECT COUNT(*) AS tp_count FROM db_exam.db_user WHERE `b_id` = '2' AND `level` = 3 LIMIT 1   [ RunTime:0.000436s ]
SQL: SELECT COUNT(*) AS tp_count FROM db_exam.db_user WHERE `b_id` = '3' AND `level` = 3 LIMIT 1   [ RunTime:0.000441s ]
SQL: SELECT COUNT(*) AS tp_count FROM db_exam.db_user WHERE `b_id` = '3' AND `level` = 0 LIMIT 1   [ RunTime:0.000452s ]
SQL: SELECT COUNT(*) AS tp_count FROM db_exam.db_user WHERE `b_id` = '3' AND `level` = 1 LIMIT 1   [ RunTime:0.000422s ]
SQL: SELECT COUNT(*) AS tp_count FROM db_exam.db_user WHERE `b_id` = '3' AND `level` = 2 LIMIT 1   [ RunTime:0.000420s ]
SQL: SELECT COUNT(*) AS tp_count FROM db_exam.db_user WHERE `b_id` = '3' AND `level` = 3 LIMIT 1   [ RunTime:0.000426s ]
SQL: SELECT COUNT(*) AS tp_count FROM db_exam.db_user WHERE `b_id` = '4' AND `level` = 3 LIMIT 1   [ RunTime:0.000422s ]
SQL: SELECT COUNT(*) AS tp_count FROM db_exam.db_user WHERE `b_id` = '4' AND `level` = 0 LIMIT 1   [ RunTime:0.000417s ]
SQL: SELECT COUNT(*) AS tp_count FROM db_exam.db_user WHERE `b_id` = '4' AND `level` = 1 LIMIT 1   [ RunTime:0.000432s ]
SQL: SELECT COUNT(*) AS tp_count FROM db_exam.db_user WHERE `b_id` = '4' AND `level` = 2 LIMIT 1   [ RunTime:0.000490s ]
SQL: SELECT COUNT(*) AS tp_count FROM db_exam.db_user WHERE `b_id` = '4' AND `level` = 3 LIMIT 1   [ RunTime:0.000450s ]
SQL: SELECT COUNT(*) AS tp_count FROM db_exam.db_user WHERE `b_id` = '5' AND `level` = 3 LIMIT 1   [ RunTime:0.000431s ]
SQL: SELECT COUNT(*) AS tp_count FROM db_exam.db_user WHERE `b_id` = '5' AND `level` = 0 LIMIT 1   [ RunTime:0.000421s ]
SQL: SELECT COUNT(*) AS tp_count FROM db_exam.db_user WHERE `b_id` = '5' AND `level` = 1 LIMIT 1   [ RunTime:0.000419s ]
SQL: SELECT COUNT(*) AS tp_count FROM db_exam.db_user WHERE `b_id` = '5' AND `level` = 2 LIMIT 1   [ RunTime:0.000420s ]
SQL: SELECT COUNT(*) AS tp_count FROM db_exam.db_user WHERE `b_id` = '5' AND `level` = 3 LIMIT 1   [ RunTime:0.000415s ]
SQL: SELECT COUNT(*) AS tp_count FROM db_exam.db_user WHERE `b_id` = '6' AND `level` = 3 LIMIT 1   [ RunTime:0.000424s ]
SQL: SELECT COUNT(*) AS tp_count FROM db_exam.db_user WHERE `b_id` = '6' AND `level` = 0 LIMIT 1   [ RunTime:0.000410s ]
SQL: SELECT COUNT(*) AS tp_count FROM db_exam.db_user WHERE `b_id` = '6' AND `level` = 1 LIMIT 1   [ RunTime:0.000439s ]
SQL: SELECT COUNT(*) AS tp_count FROM db_exam.db_user WHERE `b_id` = '6' AND `level` = 2 LIMIT 1   [ RunTime:0.000476s ]
SQL: SELECT COUNT(*) AS tp_count FROM db_exam.db_user WHERE `b_id` = '6' AND `level` = 3 LIMIT 1   [ RunTime:0.000420s ]
SQL: SELECT COUNT(*) AS tp_count FROM db_exam.db_user WHERE `b_id` = '7' AND `level` = 3 LIMIT 1   [ RunTime:0.000442s ]
SQL: SELECT COUNT(*) AS tp_count FROM db_exam.db_user WHERE `b_id` = '7' AND `level` = 0 LIMIT 1   [ RunTime:0.000434s ]
SQL: SELECT COUNT(*) AS tp_count FROM db_exam.db_user WHERE `b_id` = '7' AND `level` = 1 LIMIT 1   [ RunTime:0.000438s ]
SQL: SELECT COUNT(*) AS tp_count FROM db_exam.db_user WHERE `b_id` = '7' AND `level` = 2 LIMIT 1   [ RunTime:0.000430s ]
SQL: SELECT COUNT(*) AS tp_count FROM db_exam.db_user WHERE `b_id` = '7' AND `level` = 3 LIMIT 1   [ RunTime:0.000470s ]
SQL: SELECT COUNT(*) AS tp_count FROM db_exam.db_user WHERE `b_id` = '8' AND `level` = 3 LIMIT 1   [ RunTime:0.000492s ]
SQL: SELECT COUNT(*) AS tp_count FROM db_exam.db_user WHERE `b_id` = '8' AND `level` = 0 LIMIT 1   [ RunTime:0.000545s ]
SQL: SELECT COUNT(*) AS tp_count FROM db_exam.db_user WHERE `b_id` = '8' AND `level` = 1 LIMIT 1   [ RunTime:0.000488s ]
SQL: SELECT COUNT(*) AS tp_count FROM db_exam.db_user WHERE `b_id` = '8' AND `level` = 2 LIMIT 1   [ RunTime:0.000483s ]
SQL: SELECT COUNT(*) AS tp_count FROM db_exam.db_user WHERE `b_id` = '8' AND `level` = 3 LIMIT 1   [ RunTime:0.000474s ]
SQL: SELECT COUNT(*) AS tp_count FROM db_exam.db_user WHERE `b_id` = '9' AND `level` = 3 LIMIT 1   [ RunTime:0.000559s ]
SQL: SELECT COUNT(*) AS tp_count FROM db_exam.db_user WHERE `b_id` = '9' AND `level` = 0 LIMIT 1   [ RunTime:0.000490s ]
SQL: SELECT COUNT(*) AS tp_count FROM db_exam.db_user WHERE `b_id` = '9' AND `level` = 1 LIMIT 1   [ RunTime:0.000467s ]
SQL: SELECT COUNT(*) AS tp_count FROM db_exam.db_user WHERE `b_id` = '9' AND `level` = 2 LIMIT 1   [ RunTime:0.000493s ]
SQL: SELECT COUNT(*) AS tp_count FROM db_exam.db_user WHERE `b_id` = '9' AND `level` = 3 LIMIT 1   [ RunTime:0.000516s ]

[ 2018-06-13T18:49:25+08:00 ] 127.0.0.1 /bs_system/index.php/Admin/index/branchdetail.html?id=1
INFO: [ app_init ] --START--
INFO: Run Behavior\BuildLiteBehavior [ RunTime:0.000012s ]
INFO: [ app_init ] --END-- [ RunTime:0.000057s ]
INFO: [ app_begin ] --START--
INFO: Run Behavior\ReadHtmlCacheBehavior [ RunTime:0.001361s ]
INFO: [ app_begin ] --END-- [ RunTime:0.001459s ]
SQL: SHOW COLUMNS FROM db_exam.db_bank [ RunTime:0.023826s ]
SQL: SELECT `name`,`me_name`,`status` FROM db_exam.db_bank WHERE `id` = '1' LIMIT 1   [ RunTime:0.000878s ]
SQL: SHOW COLUMNS FROM db_exam.db_user [ RunTime:0.009196s ]
SQL: SELECT COUNT(*) AS tp_count FROM db_exam.db_user LIMIT 1   [ RunTime:0.000391s ]
SQL: SELECT COUNT(*) AS tp_count FROM db_exam.db_user WHERE `level` = 0 LIMIT 1   [ RunTime:0.000294s ]
SQL: SELECT COUNT(*) AS tp_count FROM db_exam.db_user WHERE `level` = 1 LIMIT 1   [ RunTime:0.000288s ]
SQL: SELECT COUNT(*) AS tp_count FROM db_exam.db_user WHERE `level` = 2 LIMIT 1   [ RunTime:0.000275s ]
SQL: SELECT COUNT(*) AS tp_count FROM db_exam.db_user WHERE `level` = 3 LIMIT 1   [ RunTime:0.000284s ]
SQL: SELECT COUNT(*) AS tp_count FROM db_exam.db_user WHERE `b_id` = '1' LIMIT 1   [ RunTime:0.000283s ]
SQL: SELECT COUNT(*) AS tp_count FROM db_exam.db_user WHERE `b_id` = '1' AND `level` = 0 LIMIT 1   [ RunTime:0.000287s ]
SQL: SELECT COUNT(*) AS tp_count FROM db_exam.db_user WHERE `b_id` = '1' AND `level` = 1 LIMIT 1   [ RunTime:0.000307s ]
SQL: SELECT COUNT(*) AS tp_count FROM db_exam.db_user WHERE `b_id` = '1' AND `level` = 2 LIMIT 1   [ RunTime:0.000283s ]
SQL: SELECT COUNT(*) AS tp_count FROM db_exam.db_user WHERE `b_id` = '1' AND `level` = 3 LIMIT 1   [ RunTime:0.000287s ]
INFO: [ view_parse ] --START--
INFO: [ template_filter ] --START--
INFO: Run Behavior\ContentReplaceBehavior [ RunTime:0.000067s ]
INFO: [ template_filter ] --END-- [ RunTime:0.000106s ]
INFO: Run Behavior\ParseTemplateBehavior [ RunTime:0.011004s ]
INFO: [ view_parse ] --END-- [ RunTime:0.011048s ]
INFO: [ view_filter ] --START--
INFO: Run Behavior\WriteHtmlCacheBehavior [ RunTime:0.000576s ]
INFO: [ view_filter ] --END-- [ RunTime:0.000605s ]
INFO: [ app_end ] --START--
INFO: Run Behavior\ShowPageTraceBehavior [ RunTime:0.001043s ]
INFO: [ app_end ] --END-- [ RunTime:0.001095s ]

[ 2018-06-13T18:49:27+08:00 ] 127.0.0.1 /bs_system/index.php/Admin/index/branchd_user_list.html
INFO: [ app_init ] --START--
INFO: Run Behavior\BuildLiteBehavior [ RunTime:0.000013s ]
INFO: [ app_init ] --END-- [ RunTime:0.000057s ]
INFO: [ app_begin ] --START--
INFO: Run Behavior\ReadHtmlCacheBehavior [ RunTime:0.000786s ]
INFO: [ app_begin ] --END-- [ RunTime:0.000829s ]
SQL: SHOW COLUMNS FROM db_exam.db_user [ RunTime:0.031623s ]
SQL: SELECT COUNT(*) AS tp_count FROM db_exam.db_user WHERE `b_id` = '1' LIMIT 1   [ RunTime:0.001027s ]
SQL: SELECT * FROM db_exam.db_user WHERE `b_id` = '1' LIMIT 0,10   [ RunTime:0.000760s ]

[ 2018-06-13T18:49:32+08:00 ] 127.0.0.1 /bs_system/index.php/Admin/index/branchlist.html
INFO: [ app_init ] --START--
INFO: Run Behavior\BuildLiteBehavior [ RunTime:0.000010s ]
INFO: [ app_init ] --END-- [ RunTime:0.000046s ]
INFO: [ app_begin ] --START--
INFO: Run Behavior\ReadHtmlCacheBehavior [ RunTime:0.000799s ]
INFO: [ app_begin ] --END-- [ RunTime:0.000839s ]
SQL: SHOW COLUMNS FROM db_exam.db_user [ RunTime:0.038642s ]
SQL: SELECT COUNT(*) AS tp_count FROM db_exam.db_user LIMIT 1   [ RunTime:0.000895s ]
SQL: SELECT COUNT(*) AS tp_count FROM db_exam.db_user WHERE `level` = 0 LIMIT 1   [ RunTime:0.000583s ]
SQL: SELECT COUNT(*) AS tp_count FROM db_exam.db_user WHERE `level` = 1 LIMIT 1   [ RunTime:0.000579s ]
SQL: SELECT COUNT(*) AS tp_count FROM db_exam.db_user WHERE `level` = 2 LIMIT 1   [ RunTime:0.000565s ]
SQL: SELECT COUNT(*) AS tp_count FROM db_exam.db_user WHERE `level` = 3 LIMIT 1   [ RunTime:0.000558s ]
INFO: [ view_parse ] --START--
INFO: [ template_filter ] --START--
INFO: Run Behavior\ContentReplaceBehavior [ RunTime:0.000050s ]
INFO: [ template_filter ] --END-- [ RunTime:0.000088s ]
INFO: Run Behavior\ParseTemplateBehavior [ RunTime:0.009984s ]
INFO: [ view_parse ] --END-- [ RunTime:0.010036s ]
INFO: [ view_filter ] --START--
INFO: Run Behavior\WriteHtmlCacheBehavior [ RunTime:0.000546s ]
INFO: [ view_filter ] --END-- [ RunTime:0.000574s ]
INFO: [ app_end ] --START--
INFO: Run Behavior\ShowPageTraceBehavior [ RunTime:0.000807s ]
INFO: [ app_end ] --END-- [ RunTime:0.000842s ]

[ 2018-06-13T18:49:33+08:00 ] 127.0.0.1 /bs_system/index.php/Admin/index/branchlist_fen.html
INFO: [ app_init ] --START--
INFO: Run Behavior\BuildLiteBehavior [ RunTime:0.000010s ]
INFO: [ app_init ] --END-- [ RunTime:0.000046s ]
INFO: [ app_begin ] --START--
INFO: Run Behavior\ReadHtmlCacheBehavior [ RunTime:0.000758s ]
INFO: [ app_begin ] --END-- [ RunTime:0.000795s ]
SQL: SHOW COLUMNS FROM db_exam.db_bank [ RunTime:0.040173s ]
SQL: SELECT COUNT(*) AS tp_count FROM db_exam.db_bank LIMIT 1   [ RunTime:0.002419s ]
SQL: SELECT * FROM db_exam.db_bank LIMIT 0,10   [ RunTime:0.003057s ]
SQL: SHOW COLUMNS FROM db_exam.db_user [ RunTime:0.039089s ]
SQL: SELECT COUNT(*) AS tp_count FROM db_exam.db_user WHERE `b_id` = '1' LIMIT 1   [ RunTime:0.002463s ]
SQL: SELECT COUNT(*) AS tp_count FROM db_exam.db_user WHERE `b_id` = '1' AND `level` = 0 LIMIT 1   [ RunTime:0.002006s ]
SQL: SELECT COUNT(*) AS tp_count FROM db_exam.db_user WHERE `b_id` = '1' AND `level` = 1 LIMIT 1   [ RunTime:0.001991s ]
SQL: SELECT COUNT(*) AS tp_count FROM db_exam.db_user WHERE `b_id` = '1' AND `level` = 2 LIMIT 1   [ RunTime:0.002195s ]
SQL: SELECT COUNT(*) AS tp_count FROM db_exam.db_user WHERE `b_id` = '1' AND `level` = 3 LIMIT 1   [ RunTime:0.002266s ]
SQL: SELECT COUNT(*) AS tp_count FROM db_exam.db_user WHERE `b_id` = '2' AND `level` = 3 LIMIT 1   [ RunTime:0.002357s ]
SQL: SELECT COUNT(*) AS tp_count FROM db_exam.db_user WHERE `b_id` = '2' AND `level` = 0 LIMIT 1   [ RunTime:0.002153s ]
SQL: SELECT COUNT(*) AS tp_count FROM db_exam.db_user WHERE `b_id` = '2' AND `level` = 1 LIMIT 1   [ RunTime:0.002058s ]
SQL: SELECT COUNT(*) AS tp_count FROM db_exam.db_user WHERE `b_id` = '2' AND `level` = 2 LIMIT 1   [ RunTime:0.001966s ]
SQL: SELECT COUNT(*) AS tp_count FROM db_exam.db_user WHERE `b_id` = '2' AND `level` = 3 LIMIT 1   [ RunTime:0.001871s ]
SQL: SELECT COUNT(*) AS tp_count FROM db_exam.db_user WHERE `b_id` = '3' AND `level` = 3 LIMIT 1   [ RunTime:0.002123s ]
SQL: SELECT COUNT(*) AS tp_count FROM db_exam.db_user WHERE `b_id` = '3' AND `level` = 0 LIMIT 1   [ RunTime:0.002170s ]
SQL: SELECT COUNT(*) AS tp_count FROM db_exam.db_user WHERE `b_id` = '3' AND `level` = 1 LIMIT 1   [ RunTime:0.002184s ]
SQL: SELECT COUNT(*) AS tp_count FROM db_exam.db_user WHERE `b_id` = '3' AND `level` = 2 LIMIT 1   [ RunTime:0.002450s ]
SQL: SELECT COUNT(*) AS tp_count FROM db_exam.db_user WHERE `b_id` = '3' AND `level` = 3 LIMIT 1   [ RunTime:0.002147s ]
SQL: SELECT COUNT(*) AS tp_count FROM db_exam.db_user WHERE `b_id` = '4' AND `level` = 3 LIMIT 1   [ RunTime:0.001937s ]
SQL: SELECT COUNT(*) AS tp_count FROM db_exam.db_user WHERE `b_id` = '4' AND `level` = 0 LIMIT 1   [ RunTime:0.002156s ]
SQL: SELECT COUNT(*) AS tp_count FROM db_exam.db_user WHERE `b_id` = '4' AND `level` = 1 LIMIT 1   [ RunTime:0.002366s ]
SQL: SELECT COUNT(*) AS tp_count FROM db_exam.db_user WHERE `b_id` = '4' AND `level` = 2 LIMIT 1   [ RunTime:0.002245s ]
SQL: SELECT COUNT(*) AS tp_count FROM db_exam.db_user WHERE `b_id` = '4' AND `level` = 3 LIMIT 1   [ RunTime:0.002032s ]
SQL: SELECT COUNT(*) AS tp_count FROM db_exam.db_user WHERE `b_id` = '5' AND `level` = 3 LIMIT 1   [ RunTime:0.002076s ]
SQL: SELECT COUNT(*) AS tp_count FROM db_exam.db_user WHERE `b_id` = '5' AND `level` = 0 LIMIT 1   [ RunTime:0.001886s ]
SQL: SELECT COUNT(*) AS tp_count FROM db_exam.db_user WHERE `b_id` = '5' AND `level` = 1 LIMIT 1   [ RunTime:0.002350s ]
SQL: SELECT COUNT(*) AS tp_count FROM db_exam.db_user WHERE `b_id` = '5' AND `level` = 2 LIMIT 1   [ RunTime:0.002559s ]
SQL: SELECT COUNT(*) AS tp_count FROM db_exam.db_user WHERE `b_id` = '5' AND `level` = 3 LIMIT 1   [ RunTime:0.002014s ]
SQL: SELECT COUNT(*) AS tp_count FROM db_exam.db_user WHERE `b_id` = '6' AND `level` = 3 LIMIT 1   [ RunTime:0.002077s ]
SQL: SELECT COUNT(*) AS tp_count FROM db_exam.db_user WHERE `b_id` = '6' AND `level` = 0 LIMIT 1   [ RunTime:0.001969s ]
SQL: SELECT COUNT(*) AS tp_count FROM db_exam.db_user WHERE `b_id` = '6' AND `level` = 1 LIMIT 1   [ RunTime:0.001920s ]
SQL: SELECT COUNT(*) AS tp_count FROM db_exam.db_user WHERE `b_id` = '6' AND `level` = 2 LIMIT 1   [ RunTime:0.002071s ]
SQL: SELECT COUNT(*) AS tp_count FROM db_exam.db_user WHERE `b_id` = '6' AND `level` = 3 LIMIT 1   [ RunTime:0.002276s ]
SQL: SELECT COUNT(*) AS tp_count FROM db_exam.db_user WHERE `b_id` = '7' AND `level` = 3 LIMIT 1   [ RunTime:0.002017s ]
SQL: SELECT COUNT(*) AS tp_count FROM db_exam.db_user WHERE `b_id` = '7' AND `level` = 0 LIMIT 1   [ RunTime:0.002188s ]
SQL: SELECT COUNT(*) AS tp_count FROM db_exam.db_user WHERE `b_id` = '7' AND `level` = 1 LIMIT 1   [ RunTime:0.001975s ]
SQL: SELECT COUNT(*) AS tp_count FROM db_exam.db_user WHERE `b_id` = '7' AND `level` = 2 LIMIT 1   [ RunTime:0.001911s ]
SQL: SELECT COUNT(*) AS tp_count FROM db_exam.db_user WHERE `b_id` = '7' AND `level` = 3 LIMIT 1   [ RunTime:0.002471s ]
SQL: SELECT COUNT(*) AS tp_count FROM db_exam.db_user WHERE `b_id` = '8' AND `level` = 3 LIMIT 1   [ RunTime:0.002342s ]
SQL: SELECT COUNT(*) AS tp_count FROM db_exam.db_user WHERE `b_id` = '8' AND `level` = 0 LIMIT 1   [ RunTime:0.002282s ]
SQL: SELECT COUNT(*) AS tp_count FROM db_exam.db_user WHERE `b_id` = '8' AND `level` = 1 LIMIT 1   [ RunTime:0.002081s ]
SQL: SELECT COUNT(*) AS tp_count FROM db_exam.db_user WHERE `b_id` = '8' AND `level` = 2 LIMIT 1   [ RunTime:0.001937s ]
SQL: SELECT COUNT(*) AS tp_count FROM db_exam.db_user WHERE `b_id` = '8' AND `level` = 3 LIMIT 1   [ RunTime:0.001941s ]
SQL: SELECT COUNT(*) AS tp_count FROM db_exam.db_user WHERE `b_id` = '9' AND `level` = 3 LIMIT 1   [ RunTime:0.002067s ]
SQL: SELECT COUNT(*) AS tp_count FROM db_exam.db_user WHERE `b_id` = '9' AND `level` = 0 LIMIT 1   [ RunTime:0.002797s ]
SQL: SELECT COUNT(*) AS tp_count FROM db_exam.db_user WHERE `b_id` = '9' AND `level` = 1 LIMIT 1   [ RunTime:0.003205s ]
SQL: SELECT COUNT(*) AS tp_count FROM db_exam.db_user WHERE `b_id` = '9' AND `level` = 2 LIMIT 1   [ RunTime:0.002839s ]
SQL: SELECT COUNT(*) AS tp_count FROM db_exam.db_user WHERE `b_id` = '9' AND `level` = 3 LIMIT 1   [ RunTime:0.002314s ]

[ 2018-06-13T18:49:35+08:00 ] 127.0.0.1 /bs_system/index.php/Admin/index/studylist.html
INFO: [ app_init ] --START--
INFO: Run Behavior\BuildLiteBehavior [ RunTime:0.000026s ]
INFO: [ app_init ] --END-- [ RunTime:0.000114s ]
INFO: [ app_begin ] --START--
INFO: Run Behavior\ReadHtmlCacheBehavior [ RunTime:0.000821s ]
INFO: [ app_begin ] --END-- [ RunTime:0.000865s ]
INFO: [ view_parse ] --START--
INFO: [ template_filter ] --START--
INFO: Run Behavior\ContentReplaceBehavior [ RunTime:0.000151s ]
INFO: [ template_filter ] --END-- [ RunTime:0.000193s ]
INFO: Run Behavior\ParseTemplateBehavior [ RunTime:0.013804s ]
INFO: [ view_parse ] --END-- [ RunTime:0.013848s ]
INFO: [ view_filter ] --START--
INFO: Run Behavior\WriteHtmlCacheBehavior [ RunTime:0.000553s ]
INFO: [ view_filter ] --END-- [ RunTime:0.000580s ]
INFO: [ app_end ] --START--
INFO: Run Behavior\ShowPageTraceBehavior [ RunTime:0.001284s ]
INFO: [ app_end ] --END-- [ RunTime:0.001370s ]

[ 2018-06-13T18:49:36+08:00 ] 127.0.0.1 /bs_system/index.php/Admin/Index/select_content.html
INFO: [ app_init ] --START--
INFO: Run Behavior\BuildLiteBehavior [ RunTime:0.000010s ]
INFO: [ app_init ] --END-- [ RunTime:0.000045s ]
INFO: [ app_begin ] --START--
INFO: Run Behavior\ReadHtmlCacheBehavior [ RunTime:0.000877s ]
INFO: [ app_begin ] --END-- [ RunTime:0.000929s ]
SQL: SHOW COLUMNS FROM db_exam.db_study [ RunTime:0.037642s ]
SQL: SELECT * FROM db_exam.db_study WHERE `z_id` = '1.1.1' LIMIT 1   [ RunTime:0.001976s ]

[ 2018-06-13T18:49:38+08:00 ] 127.0.0.1 /bs_system/index.php/Admin/Index/select_content.html
INFO: [ app_init ] --START--
INFO: Run Behavior\BuildLiteBehavior [ RunTime:0.000009s ]
INFO: [ app_init ] --END-- [ RunTime:0.000046s ]
INFO: [ app_begin ] --START--
INFO: Run Behavior\ReadHtmlCacheBehavior [ RunTime:0.001447s ]
INFO: [ app_begin ] --END-- [ RunTime:0.001501s ]
SQL: SHOW COLUMNS FROM db_exam.db_study [ RunTime:0.024098s ]
SQL: SELECT * FROM db_exam.db_study WHERE `z_id` = '1.1.2.1' LIMIT 1   [ RunTime:0.001074s ]

[ 2018-06-13T18:49:39+08:00 ] 127.0.0.1 /bs_system/index.php/Admin/Index/select_content.html
INFO: [ app_init ] --START--
INFO: Run Behavior\BuildLiteBehavior [ RunTime:0.000015s ]
INFO: [ app_init ] --END-- [ RunTime:0.000067s ]
INFO: [ app_begin ] --START--
INFO: Run Behavior\ReadHtmlCacheBehavior [ RunTime:0.000785s ]
INFO: [ app_begin ] --END-- [ RunTime:0.000827s ]
SQL: SHOW COLUMNS FROM db_exam.db_study [ RunTime:0.030539s ]
SQL: SELECT * FROM db_exam.db_study WHERE `z_id` = '1.1.2.2' LIMIT 1   [ RunTime:0.001482s ]

[ 2018-06-13T18:49:41+08:00 ] 127.0.0.1 /bs_system/index.php/Admin/Index/select_content.html
INFO: [ app_init ] --START--
INFO: Run Behavior\BuildLiteBehavior [ RunTime:0.000020s ]
INFO: [ app_init ] --END-- [ RunTime:0.000068s ]
INFO: [ app_begin ] --START--
INFO: Run Behavior\ReadHtmlCacheBehavior [ RunTime:0.000774s ]
INFO: [ app_begin ] --END-- [ RunTime:0.000812s ]
SQL: SHOW COLUMNS FROM db_exam.db_study [ RunTime:0.035752s ]
SQL: SELECT * FROM db_exam.db_study WHERE `z_id` = '2.1.7' LIMIT 1   [ RunTime:0.001364s ]

[ 2018-06-13T18:49:45+08:00 ] 127.0.0.1 /bs_system/index.php/Admin/index/examlist.html
INFO: [ app_init ] --START--
INFO: Run Behavior\BuildLiteBehavior [ RunTime:0.000010s ]
INFO: [ app_init ] --END-- [ RunTime:0.000047s ]
INFO: [ app_begin ] --START--
INFO: Run Behavior\ReadHtmlCacheBehavior [ RunTime:0.001233s ]
INFO: [ app_begin ] --END-- [ RunTime:0.001333s ]
INFO: [ view_parse ] --START--
INFO: [ template_filter ] --START--
INFO: Run Behavior\ContentReplaceBehavior [ RunTime:0.000076s ]
INFO: [ template_filter ] --END-- [ RunTime:0.000121s ]
INFO: Run Behavior\ParseTemplateBehavior [ RunTime:0.010349s ]
INFO: [ view_parse ] --END-- [ RunTime:0.010388s ]
INFO: [ view_filter ] --START--
INFO: Run Behavior\WriteHtmlCacheBehavior [ RunTime:0.000564s ]
INFO: [ view_filter ] --END-- [ RunTime:0.000592s ]
INFO: [ app_end ] --START--
INFO: Run Behavior\ShowPageTraceBehavior [ RunTime:0.000838s ]
INFO: [ app_end ] --END-- [ RunTime:0.000885s ]

[ 2018-06-13T18:49:46+08:00 ] 127.0.0.1 /bs_system/index.php/Admin/Index/set_ques_list.html
INFO: [ app_init ] --START--
INFO: Run Behavior\BuildLiteBehavior [ RunTime:0.000011s ]
INFO: [ app_init ] --END-- [ RunTime:0.000047s ]
INFO: [ app_begin ] --START--
INFO: Run Behavior\ReadHtmlCacheBehavior [ RunTime:0.000773s ]
INFO: [ app_begin ] --END-- [ RunTime:0.000810s ]
SQL: SHOW COLUMNS FROM db_exam.db_topic_info [ RunTime:0.021184s ]
SQL: SELECT * FROM db_exam.db_topic_info WHERE `t_id` = '1' LIMIT 1   [ RunTime:0.001140s ]
SQL: SHOW COLUMNS FROM db_exam.db_topic_ques [ RunTime:0.019295s ]
SQL: SELECT COUNT(*) AS tp_count FROM db_exam.db_topic_ques WHERE `t_id` = '1' AND `type` = 1 LIMIT 1   [ RunTime:0.000841s ]
SQL: SELECT COUNT(*) AS tp_count FROM db_exam.db_topic_ques WHERE `t_id` = '1' AND `type` = 3 LIMIT 1   [ RunTime:0.000677s ]
SQL: SELECT COUNT(*) AS tp_count FROM db_exam.db_topic_ques WHERE `t_id` = '1' AND `type` = 2 LIMIT 1   [ RunTime:0.000660s ]
SQL: SELECT `id`,`type`,`title` FROM db_exam.db_topic_ques WHERE `t_id` = '1'  [ RunTime:0.000699s ]

[ 2018-06-13T18:49:58+08:00 ] 127.0.0.1 /bs_system/index.php/Admin/index/appsetting.html
INFO: [ app_init ] --START--
INFO: Run Behavior\BuildLiteBehavior [ RunTime:0.000009s ]
INFO: [ app_init ] --END-- [ RunTime:0.000047s ]
INFO: [ app_begin ] --START--
INFO: Run Behavior\ReadHtmlCacheBehavior [ RunTime:0.000771s ]
INFO: [ app_begin ] --END-- [ RunTime:0.000811s ]
SQL: SHOW COLUMNS FROM db_exam.db_app_setinfo [ RunTime:0.037951s ]
SQL: SELECT * FROM db_exam.db_app_setinfo WHERE `id` = 1 LIMIT 1   [ RunTime:0.000534s ]
INFO: [ view_parse ] --START--
INFO: [ template_filter ] --START--
INFO: Run Behavior\ContentReplaceBehavior [ RunTime:0.000070s ]
INFO: [ template_filter ] --END-- [ RunTime:0.000110s ]
INFO: Run Behavior\ParseTemplateBehavior [ RunTime:0.012697s ]
INFO: [ view_parse ] --END-- [ RunTime:0.012750s ]
INFO: [ view_filter ] --START--
INFO: Run Behavior\WriteHtmlCacheBehavior [ RunTime:0.000557s ]
INFO: [ view_filter ] --END-- [ RunTime:0.000585s ]
INFO: [ app_end ] --START--
INFO: Run Behavior\ShowPageTraceBehavior [ RunTime:0.000981s ]
INFO: [ app_end ] --END-- [ RunTime:0.001039s ]

[ 2018-06-13T18:50:03+08:00 ] 127.0.0.1 /bs_system/index.php/Admin/Public/del_session.html
INFO: [ app_init ] --START--
INFO: Run Behavior\BuildLiteBehavior [ RunTime:0.000011s ]
INFO: [ app_init ] --END-- [ RunTime:0.000049s ]
INFO: [ app_begin ] --START--
INFO: Run Behavior\ReadHtmlCacheBehavior [ RunTime:0.000824s ]
INFO: [ app_begin ] --END-- [ RunTime:0.000870s ]

[ 2018-06-13T18:50:03+08:00 ] 127.0.0.1 /bs_system/index.php/Admin/Public/log
INFO: [ app_init ] --START--
INFO: Run Behavior\BuildLiteBehavior [ RunTime:0.000009s ]
INFO: [ app_init ] --END-- [ RunTime:0.000048s ]
INFO: [ app_begin ] --START--
INFO: Run Behavior\ReadHtmlCacheBehavior [ RunTime:0.001125s ]
INFO: [ app_begin ] --END-- [ RunTime:0.001250s ]
INFO: [ view_parse ] --START--
INFO: [ template_filter ] --START--
INFO: Run Behavior\ContentReplaceBehavior [ RunTime:0.000037s ]
INFO: [ template_filter ] --END-- [ RunTime:0.000078s ]
INFO: Run Behavior\ParseTemplateBehavior [ RunTime:0.008165s ]
INFO: [ view_parse ] --END-- [ RunTime:0.008211s ]
INFO: [ view_filter ] --START--
INFO: Run Behavior\WriteHtmlCacheBehavior [ RunTime:0.000510s ]
INFO: [ view_filter ] --END-- [ RunTime:0.000539s ]
INFO: [ app_end ] --START--
INFO: Run Behavior\ShowPageTraceBehavior [ RunTime:0.000727s ]
INFO: [ app_end ] --END-- [ RunTime:0.000758s ]

[ 2018-06-13T18:50:29+08:00 ] 127.0.0.1 /bs_system/index.php/Admin/Public/log
INFO: [ app_init ] --START--
INFO: Run Behavior\BuildLiteBehavior [ RunTime:0.000013s ]
INFO: [ app_init ] --END-- [ RunTime:0.000057s ]
INFO: [ app_begin ] --START--
INFO: Run Behavior\ReadHtmlCacheBehavior [ RunTime:0.001330s ]
INFO: [ app_begin ] --END-- [ RunTime:0.001444s ]
SQL: SHOW COLUMNS FROM db_exam.db_admin [ RunTime:0.034033s ]
SQL: SHOW COLUMNS FROM db_exam.db_bank [ RunTime:0.011805s ]
SQL: SELECT COUNT(*) AS tp_count FROM db_exam.db_bank WHERE `username` = 'admin' AND `password` = 'e10adc3949ba59abbe56e057f20f883e' AND `status` = 1 LIMIT 1   [ RunTime:0.000595s ]
SQL: SELECT `id` FROM db_exam.db_bank WHERE `username` = 'admin' AND `password` = 'e10adc3949ba59abbe56e057f20f883e' AND `status` = 1 LIMIT 1   [ RunTime:0.000363s ]
SQL: SELECT COUNT(*) AS tp_count FROM db_exam.db_admin WHERE `username` = 'admin' AND `password` = 'e10adc3949ba59abbe56e057f20f883e' LIMIT 1   [ RunTime:0.000375s ]

[ 2018-06-13T18:50:30+08:00 ] 127.0.0.1 /bs_system/index.php/Admin/index/branchlist.html
INFO: [ app_init ] --START--
INFO: Run Behavior\BuildLiteBehavior [ RunTime:0.000009s ]
INFO: [ app_init ] --END-- [ RunTime:0.000045s ]
INFO: [ app_begin ] --START--
INFO: Run Behavior\ReadHtmlCacheBehavior [ RunTime:0.000704s ]
INFO: [ app_begin ] --END-- [ RunTime:0.000744s ]
SQL: SHOW COLUMNS FROM db_exam.db_user [ RunTime:0.040487s ]
SQL: SELECT COUNT(*) AS tp_count FROM db_exam.db_user LIMIT 1   [ RunTime:0.002321s ]
SQL: SELECT COUNT(*) AS tp_count FROM db_exam.db_user WHERE `level` = 0 LIMIT 1   [ RunTime:0.001791s ]
SQL: SELECT COUNT(*) AS tp_count FROM db_exam.db_user WHERE `level` = 1 LIMIT 1   [ RunTime:0.001661s ]
SQL: SELECT COUNT(*) AS tp_count FROM db_exam.db_user WHERE `level` = 2 LIMIT 1   [ RunTime:0.000978s ]
SQL: SELECT COUNT(*) AS tp_count FROM db_exam.db_user WHERE `level` = 3 LIMIT 1   [ RunTime:0.000998s ]
INFO: [ view_parse ] --START--
INFO: [ template_filter ] --START--
INFO: Run Behavior\ContentReplaceBehavior [ RunTime:0.000110s ]
INFO: [ template_filter ] --END-- [ RunTime:0.000203s ]
INFO: Run Behavior\ParseTemplateBehavior [ RunTime:0.020840s ]
INFO: [ view_parse ] --END-- [ RunTime:0.020942s ]
INFO: [ view_filter ] --START--
INFO: Run Behavior\WriteHtmlCacheBehavior [ RunTime:0.001184s ]
INFO: [ view_filter ] --END-- [ RunTime:0.001247s ]
INFO: [ app_end ] --START--
INFO: Run Behavior\ShowPageTraceBehavior [ RunTime:0.001625s ]
INFO: [ app_end ] --END-- [ RunTime:0.001690s ]

[ 2018-06-13T18:50:31+08:00 ] 127.0.0.1 /bs_system/index.php/Admin/index/branchlist_fen.html
INFO: [ app_init ] --START--
INFO: Run Behavior\BuildLiteBehavior [ RunTime:0.000010s ]
INFO: [ app_init ] --END-- [ RunTime:0.000047s ]
INFO: [ app_begin ] --START--
INFO: Run Behavior\ReadHtmlCacheBehavior [ RunTime:0.000898s ]
INFO: [ app_begin ] --END-- [ RunTime:0.000936s ]
SQL: SHOW COLUMNS FROM db_exam.db_bank [ RunTime:0.031284s ]
SQL: SELECT COUNT(*) AS tp_count FROM db_exam.db_bank LIMIT 1   [ RunTime:0.000592s ]
SQL: SELECT * FROM db_exam.db_bank LIMIT 0,10   [ RunTime:0.000522s ]
SQL: SHOW COLUMNS FROM db_exam.db_user [ RunTime:0.009201s ]
SQL: SELECT COUNT(*) AS tp_count FROM db_exam.db_user WHERE `b_id` = '1' LIMIT 1   [ RunTime:0.000589s ]
SQL: SELECT COUNT(*) AS tp_count FROM db_exam.db_user WHERE `b_id` = '1' AND `level` = 0 LIMIT 1   [ RunTime:0.000421s ]
SQL: SELECT COUNT(*) AS tp_count FROM db_exam.db_user WHERE `b_id` = '1' AND `level` = 1 LIMIT 1   [ RunTime:0.000415s ]
SQL: SELECT COUNT(*) AS tp_count FROM db_exam.db_user WHERE `b_id` = '1' AND `level` = 2 LIMIT 1   [ RunTime:0.000431s ]
SQL: SELECT COUNT(*) AS tp_count FROM db_exam.db_user WHERE `b_id` = '1' AND `level` = 3 LIMIT 1   [ RunTime:0.000417s ]
SQL: SELECT COUNT(*) AS tp_count FROM db_exam.db_user WHERE `b_id` = '2' AND `level` = 3 LIMIT 1   [ RunTime:0.000431s ]
SQL: SELECT COUNT(*) AS tp_count FROM db_exam.db_user WHERE `b_id` = '2' AND `level` = 0 LIMIT 1   [ RunTime:0.000411s ]
SQL: SELECT COUNT(*) AS tp_count FROM db_exam.db_user WHERE `b_id` = '2' AND `level` = 1 LIMIT 1   [ RunTime:0.000552s ]
SQL: SELECT COUNT(*) AS tp_count FROM db_exam.db_user WHERE `b_id` = '2' AND `level` = 2 LIMIT 1   [ RunTime:0.000521s ]
SQL: SELECT COUNT(*) AS tp_count FROM db_exam.db_user WHERE `b_id` = '2' AND `level` = 3 LIMIT 1   [ RunTime:0.000447s ]
SQL: SELECT COUNT(*) AS tp_count FROM db_exam.db_user WHERE `b_id` = '3' AND `level` = 3 LIMIT 1   [ RunTime:0.000470s ]
SQL: SELECT COUNT(*) AS tp_count FROM db_exam.db_user WHERE `b_id` = '3' AND `level` = 0 LIMIT 1   [ RunTime:0.000385s ]
SQL: SELECT COUNT(*) AS tp_count FROM db_exam.db_user WHERE `b_id` = '3' AND `level` = 1 LIMIT 1   [ RunTime:0.000488s ]
SQL: SELECT COUNT(*) AS tp_count FROM db_exam.db_user WHERE `b_id` = '3' AND `level` = 2 LIMIT 1   [ RunTime:0.000630s ]
SQL: SELECT COUNT(*) AS tp_count FROM db_exam.db_user WHERE `b_id` = '3' AND `level` = 3 LIMIT 1   [ RunTime:0.000755s ]
SQL: SELECT COUNT(*) AS tp_count FROM db_exam.db_user WHERE `b_id` = '4' AND `level` = 3 LIMIT 1   [ RunTime:0.000416s ]
SQL: SELECT COUNT(*) AS tp_count FROM db_exam.db_user WHERE `b_id` = '4' AND `level` = 0 LIMIT 1   [ RunTime:0.000556s ]
SQL: SELECT COUNT(*) AS tp_count FROM db_exam.db_user WHERE `b_id` = '4' AND `level` = 1 LIMIT 1   [ RunTime:0.000424s ]
SQL: SELECT COUNT(*) AS tp_count FROM db_exam.db_user WHERE `b_id` = '4' AND `level` = 2 LIMIT 1   [ RunTime:0.000708s ]
SQL: SELECT COUNT(*) AS tp_count FROM db_exam.db_user WHERE `b_id` = '4' AND `level` = 3 LIMIT 1   [ RunTime:0.000430s ]
SQL: SELECT COUNT(*) AS tp_count FROM db_exam.db_user WHERE `b_id` = '5' AND `level` = 3 LIMIT 1   [ RunTime:0.000671s ]
SQL: SELECT COUNT(*) AS tp_count FROM db_exam.db_user WHERE `b_id` = '5' AND `level` = 0 LIMIT 1   [ RunTime:0.000511s ]
SQL: SELECT COUNT(*) AS tp_count FROM db_exam.db_user WHERE `b_id` = '5' AND `level` = 1 LIMIT 1   [ RunTime:0.000451s ]
SQL: SELECT COUNT(*) AS tp_count FROM db_exam.db_user WHERE `b_id` = '5' AND `level` = 2 LIMIT 1   [ RunTime:0.000416s ]
SQL: SELECT COUNT(*) AS tp_count FROM db_exam.db_user WHERE `b_id` = '5' AND `level` = 3 LIMIT 1   [ RunTime:0.000423s ]
SQL: SELECT COUNT(*) AS tp_count FROM db_exam.db_user WHERE `b_id` = '6' AND `level` = 3 LIMIT 1   [ RunTime:0.000409s ]
SQL: SELECT COUNT(*) AS tp_count FROM db_exam.db_user WHERE `b_id` = '6' AND `level` = 0 LIMIT 1   [ RunTime:0.000447s ]
SQL: SELECT COUNT(*) AS tp_count FROM db_exam.db_user WHERE `b_id` = '6' AND `level` = 1 LIMIT 1   [ RunTime:0.000472s ]
SQL: SELECT COUNT(*) AS tp_count FROM db_exam.db_user WHERE `b_id` = '6' AND `level` = 2 LIMIT 1   [ RunTime:0.000418s ]
SQL: SELECT COUNT(*) AS tp_count FROM db_exam.db_user WHERE `b_id` = '6' AND `level` = 3 LIMIT 1   [ RunTime:0.000407s ]
SQL: SELECT COUNT(*) AS tp_count FROM db_exam.db_user WHERE `b_id` = '7' AND `level` = 3 LIMIT 1   [ RunTime:0.000424s ]
SQL: SELECT COUNT(*) AS tp_count FROM db_exam.db_user WHERE `b_id` = '7' AND `level` = 0 LIMIT 1   [ RunTime:0.000431s ]
SQL: SELECT COUNT(*) AS tp_count FROM db_exam.db_user WHERE `b_id` = '7' AND `level` = 1 LIMIT 1   [ RunTime:0.000467s ]
SQL: SELECT COUNT(*) AS tp_count FROM db_exam.db_user WHERE `b_id` = '7' AND `level` = 2 LIMIT 1   [ RunTime:0.000411s ]
SQL: SELECT COUNT(*) AS tp_count FROM db_exam.db_user WHERE `b_id` = '7' AND `level` = 3 LIMIT 1   [ RunTime:0.000442s ]
SQL: SELECT COUNT(*) AS tp_count FROM db_exam.db_user WHERE `b_id` = '8' AND `level` = 3 LIMIT 1   [ RunTime:0.000510s ]
SQL: SELECT COUNT(*) AS tp_count FROM db_exam.db_user WHERE `b_id` = '8' AND `level` = 0 LIMIT 1   [ RunTime:0.000481s ]
SQL: SELECT COUNT(*) AS tp_count FROM db_exam.db_user WHERE `b_id` = '8' AND `level` = 1 LIMIT 1   [ RunTime:0.000533s ]
SQL: SELECT COUNT(*) AS tp_count FROM db_exam.db_user WHERE `b_id` = '8' AND `level` = 2 LIMIT 1   [ RunTime:0.000435s ]
SQL: SELECT COUNT(*) AS tp_count FROM db_exam.db_user WHERE `b_id` = '8' AND `level` = 3 LIMIT 1   [ RunTime:0.000409s ]
SQL: SELECT COUNT(*) AS tp_count FROM db_exam.db_user WHERE `b_id` = '9' AND `level` = 3 LIMIT 1   [ RunTime:0.000411s ]
SQL: SELECT COUNT(*) AS tp_count FROM db_exam.db_user WHERE `b_id` = '9' AND `level` = 0 LIMIT 1   [ RunTime:0.000410s ]
SQL: SELECT COUNT(*) AS tp_count FROM db_exam.db_user WHERE `b_id` = '9' AND `level` = 1 LIMIT 1   [ RunTime:0.000389s ]
SQL: SELECT COUNT(*) AS tp_count FROM db_exam.db_user WHERE `b_id` = '9' AND `level` = 2 LIMIT 1   [ RunTime:0.000414s ]
SQL: SELECT COUNT(*) AS tp_count FROM db_exam.db_user WHERE `b_id` = '9' AND `level` = 3 LIMIT 1   [ RunTime:0.000432s ]

[ 2018-06-13T18:50:33+08:00 ] 127.0.0.1 /bs_system/index.php/Admin/Public/del_session.html
INFO: [ app_init ] --START--
INFO: Run Behavior\BuildLiteBehavior [ RunTime:0.000010s ]
INFO: [ app_init ] --END-- [ RunTime:0.000047s ]
INFO: [ app_begin ] --START--
INFO: Run Behavior\ReadHtmlCacheBehavior [ RunTime:0.000709s ]
INFO: [ app_begin ] --END-- [ RunTime:0.000748s ]

[ 2018-06-13T18:50:33+08:00 ] 127.0.0.1 /bs_system/index.php/Admin/Public/log
INFO: [ app_init ] --START--
INFO: Run Behavior\BuildLiteBehavior [ RunTime:0.000011s ]
INFO: [ app_init ] --END-- [ RunTime:0.000052s ]
INFO: [ app_begin ] --START--
INFO: Run Behavior\ReadHtmlCacheBehavior [ RunTime:0.000722s ]
INFO: [ app_begin ] --END-- [ RunTime:0.000763s ]
INFO: [ view_parse ] --START--
INFO: [ template_filter ] --START--
INFO: Run Behavior\ContentReplaceBehavior [ RunTime:0.000035s ]
INFO: [ template_filter ] --END-- [ RunTime:0.000077s ]
INFO: Run Behavior\ParseTemplateBehavior [ RunTime:0.009659s ]
INFO: [ view_parse ] --END-- [ RunTime:0.009700s ]
INFO: [ view_filter ] --START--
INFO: Run Behavior\WriteHtmlCacheBehavior [ RunTime:0.000498s ]
INFO: [ view_filter ] --END-- [ RunTime:0.000528s ]
INFO: [ app_end ] --START--
INFO: Run Behavior\ShowPageTraceBehavior [ RunTime:0.000726s ]
INFO: [ app_end ] --END-- [ RunTime:0.000755s ]

[ 2018-06-13T18:50:59+08:00 ] 127.0.0.1 /bs_system/index.php/Admin/Public/log
INFO: [ app_init ] --START--
INFO: Run Behavior\BuildLiteBehavior [ RunTime:0.000012s ]
INFO: [ app_init ] --END-- [ RunTime:0.000066s ]
INFO: [ app_begin ] --START--
INFO: Run Behavior\ReadHtmlCacheBehavior [ RunTime:0.000734s ]
INFO: [ app_begin ] --END-- [ RunTime:0.000779s ]
INFO: [ view_parse ] --START--
INFO: [ template_filter ] --START--
INFO: Run Behavior\ContentReplaceBehavior [ RunTime:0.000037s ]
INFO: [ template_filter ] --END-- [ RunTime:0.000082s ]
INFO: Run Behavior\ParseTemplateBehavior [ RunTime:0.009046s ]
INFO: [ view_parse ] --END-- [ RunTime:0.009107s ]
INFO: [ view_filter ] --START--
INFO: Run Behavior\WriteHtmlCacheBehavior [ RunTime:0.000652s ]
INFO: [ view_filter ] --END-- [ RunTime:0.000687s ]
INFO: [ app_end ] --START--
INFO: Run Behavior\ShowPageTraceBehavior [ RunTime:0.000748s ]
INFO: [ app_end ] --END-- [ RunTime:0.000795s ]

[ 2018-06-13T23:48:54+08:00 ] 127.0.0.1 /bs_system/index.php/Admin/Public/log
INFO: [ app_init ] --START--
INFO: Run Behavior\BuildLiteBehavior [ RunTime:0.000015s ]
INFO: [ app_init ] --END-- [ RunTime:0.000088s ]
INFO: [ app_begin ] --START--
INFO: Run Behavior\ReadHtmlCacheBehavior [ RunTime:0.002502s ]
INFO: [ app_begin ] --END-- [ RunTime:0.002658s ]
INFO: [ view_parse ] --START--
INFO: [ template_filter ] --START--
INFO: Run Behavior\ContentReplaceBehavior [ RunTime:0.000043s ]
INFO: [ template_filter ] --END-- [ RunTime:0.000097s ]
INFO: Run Behavior\ParseTemplateBehavior [ RunTime:0.013049s ]
INFO: [ view_parse ] --END-- [ RunTime:0.013179s ]
INFO: [ view_filter ] --START--
INFO: Run Behavior\WriteHtmlCacheBehavior [ RunTime:0.001572s ]
INFO: [ view_filter ] --END-- [ RunTime:0.001625s ]
INFO: [ app_end ] --START--
INFO: Run Behavior\ShowPageTraceBehavior [ RunTime:0.001235s ]
INFO: [ app_end ] --END-- [ RunTime:0.001297s ]

[ 2018-06-13T23:48:54+08:00 ] 127.0.0.1 /bs_system/index.php/Admin/Public/log
INFO: [ app_init ] --START--
INFO: Run Behavior\BuildLiteBehavior [ RunTime:0.000013s ]
INFO: [ app_init ] --END-- [ RunTime:0.000061s ]
INFO: [ app_begin ] --START--
INFO: Run Behavior\ReadHtmlCacheBehavior [ RunTime:0.001282s ]
INFO: [ app_begin ] --END-- [ RunTime:0.001336s ]
INFO: [ view_parse ] --START--
INFO: [ template_filter ] --START--
INFO: Run Behavior\ContentReplaceBehavior [ RunTime:0.000043s ]
INFO: [ template_filter ] --END-- [ RunTime:0.000092s ]
INFO: Run Behavior\ParseTemplateBehavior [ RunTime:0.011661s ]
INFO: [ view_parse ] --END-- [ RunTime:0.011722s ]
INFO: [ view_filter ] --START--
INFO: Run Behavior\WriteHtmlCacheBehavior [ RunTime:0.001068s ]
INFO: [ view_filter ] --END-- [ RunTime:0.001115s ]
INFO: [ app_end ] --START--
INFO: Run Behavior\ShowPageTraceBehavior [ RunTime:0.001161s ]
INFO: [ app_end ] --END-- [ RunTime:0.001201s ]

